Worker starting up...
Worker sent initial ready message.
Worker received message: 1|109|v3241|v3242|v3243|v3244|v3245|v3246|v3247|v3248|v3249|v3250|v3251|v3252|v3253|v3254|v3255|v3256|v3257|v3258|v3259|v3260|v3261|v3262|v3263|v3264|e3245-3246
Worker processing job packet.
Worker sent ready message for next job packet.
Worker received message: 2|108|v3211|v3212|v3213|v3214|v3215|v3216|v3217|v3218|v3219|v3220|v3221|v3222|v3223|v3224|v3225|v3226|v3227|v3228|v3229|v3230|v3231|v3232|v3233|v3234|v3235|v3236|v3237|v3238|v3239|v3240|e3234-3249
Worker processing job packet.
Worker sent ready message for next job packet.
Worker received message: 3|107|v3181|v3182|v3183|v3184|v3185|v3186|v3187|v3188|v3189|v3190|v3191|v3192|v3193|v3194|v3195|v3196|v3197|v3198|v3199|v3200|v3201|v3202|v3203|v3204|v3205|v3206|v3207|v3208|v3209|v3210|e3185-3195|e3192-3193|e3205-3251
Worker processing job packet.
Worker sent ready message for next job packet.
Worker received message: 4|106|v3151|v3152|v3153|v3154|v3155|v3156|v3157|v3158|v3159|v3160|v3161|v3162|v3163|v3164|v3165|v3166|v3167|v3168|v3169|v3170|v3171|v3172|v3173|v3174|v3175|v3176|v3177|v3178|v3179|v3180|e3151-3152|e3161-3162|e3164-3165|e3167-3168
Worker processing job packet.
Worker sent ready message for next job packet.
Worker received message: 5|105|v3121|v3122|v3123|v3124|v3125|v3126|v3127|v3128|v3129|v3130|v3131|v3132|v3133|v3134|v3135|v3136|v3137|v3138|v3139|v3140|v3141|v3142|v3143|v3144|v3145|v3146|v3147|v3148|v3149|v3150|e3140-3175|e3141-3142
Worker processing job packet.
Worker sent ready message for next job packet.
Worker received message: 6|104|v3091|v3092|v3093|v3094|v3095|v3096|v3097|v3098|v3099|v3100|v3101|v3102|v3103|v3104|v3105|v3106|v3107|v3108|v3109|v3110|v3111|v3112|v3113|v3114|v3115|v3116|v3117|v3118|v3119|v3120|e3091-3092|e3093-3094|e3096-3097|e3109-3189|e3110-3112|e3111-3180|e3114-3115|e3116-3206|e3117-3118
Worker processing job packet.
Worker sent ready message for next job packet.
Worker received message: 7|103|v3061|v3062|v3063|v3064|v3065|v3066|v3067|v3068|v3069|v3070|v3071|v3072|v3073|v3074|v3075|v3076|v3077|v3078|v3079|v3080|v3081|v3082|v3083|v3084|v3085|v3086|v3087|v3088|v3089|v3090|e3075-3076|e3081-3082|e3090-3203
Worker processing job packet.
Worker sent ready message for next job packet.
Worker received message: 8|102|v3031|v3032|v3033|v3034|v3035|v3036|v3037|v3038|v3039|v3040|v3041|v3042|v3043|v3044|v3045|v3046|v3047|v3048|v3049|v3050|v3051|v3052|v3053|v3054|v3055|v3056|v3057|v3058|v3059|v3060|e3036-3048|e3038-3070|e3039-3201|e3043-3135|e3045-3160|e3046-3181|e3047-3243|e3052-3055|e3058-3163
Worker processing job packet.
Worker sent ready message for next job packet.
Worker received message: 9|101|v3001|v3002|v3003|v3004|v3005|v3006|v3007|v3008|v3009|v3010|v3011|v3012|v3013|v3014|v3015|v3016|v3017|v3018|v3019|v3020|v3021|v3022|v3023|v3024|v3025|v3026|v3027|v3028|v3029|v3030|e3004-3200|e3005-3060|e3007-3103|e3014-3258|e3021-3199|e3026-3238|e3027-3035
Worker processing job packet.
Worker sent ready message for next job packet.
Worker received message: 10|100|v2971|v2972|v2973|v2974|v2975|v2976|v2977|v2978|v2979|v2980|v2981|v2982|v2983|v2984|v2985|v2986|v2987|v2988|v2989|v2990|v2991|v2992|v2993|v2994|v2995|v2996|v2997|v2998|v2999|v3000|e2973-3157|e2979-3050|e2986-3232|e2990-3029
Worker processing job packet.
Worker sent ready message for next job packet.
Worker received message: 11|99|v2941|v2942|v2943|v2944|v2945|v2946|v2947|v2948|v2949|v2950|v2951|v2952|v2953|v2954|v2955|v2956|v2957|v2958|v2959|v2960|v2961|v2962|v2963|v2964|v2965|v2966|v2967|v2968|v2969|v2970|e2945-3113|e2953-3062|e2957-3184|e2963-3003|e2969-3107
Worker processing job packet.
Worker sent ready message for next job packet.
Worker received message: 12|98|v2911|v2912|v2913|v2914|v2915|v2916|v2917|v2918|v2919|v2920|v2921|v2922|v2923|v2924|v2925|v2926|v2927|v2928|v2929|v2930|v2931|v2932|v2933|v2934|v2935|v2936|v2937|v2938|v2939|v2940|e2912-3000|e2915-2931|e2916-2952|e2918-3137|e2919-2970|e2921-3198|e2922-3033|e2925-2942|e2926-2927|e2935-3054
Worker processing job packet.
Worker sent ready message for next job packet.
Worker received message: 13|97|v2881|v2882|v2883|v2884|v2885|v2886|v2887|v2888|v2889|v2890|v2891|v2892|v2893|v2894|v2895|v2896|v2897|v2898|v2899|v2900|v2901|v2902|v2903|v2904|v2905|v2906|v2907|v2908|v2909|v2910|e2882-2933|e2888-3077|e2898-2899|e2901-3032|e2903-3002|e2904-2905|e2907-3099|e2909-2910
Worker processing job packet.
Worker sent ready message for next job packet.
Worker received message: 14|96|v2851|v2852|v2853|v2854|v2855|v2856|v2857|v2858|v2859|v2860|v2861|v2862|v2863|v2864|v2865|v2866|v2867|v2868|v2869|v2870|v2871|v2872|v2873|v2874|v2875|v2876|v2877|v2878|v2879|v2880|e2854-3031|e2855-2861|e2856-3028|e2858-3018|e2859-3174|e2860-2950|e2867-2881|e2877-3034
Worker processing job packet.
Worker sent ready message for next job packet.
Worker received message: 15|95|v2821|v2822|v2823|v2824|v2825|v2826|v2827|v2828|v2829|v2830|v2831|v2832|v2833|v2834|v2835|v2836|v2837|v2838|v2839|v2840|v2841|v2842|v2843|v2844|v2845|v2846|v2847|v2848|v2849|v2850|e2821-3009|e2822-2941|e2824-2825|e2826-3122|e2828-2891|e2829-2851|e2830-3219|e2833-2853|e2835-3213|e2836-2937|e2838-3088|e2843-2893|e2846-3139|e2848-2849
Worker processing job packet.
Worker sent ready message for next job packet.
Worker received message: 16|94|v2791|v2792|v2793|v2794|v2795|v2796|v2797|v2798|v2799|v2800|v2801|v2802|v2803|v2804|v2805|v2806|v2807|v2808|v2809|v2810|v2811|v2812|v2813|v2814|v2815|v2816|v2817|v2818|v2819|v2820|e2792-3242|e2794-3087|e2795-3086|e2796-3237|e2798-3254|e2800-3067|e2802-2816|e2804-3006|e2805-3194|e2806-3179|e2810-2906|e2812-2813|e2818-3065
Worker processing job packet.
Worker sent ready message for next job packet.
Worker received message: 17|93|v2761|v2762|v2763|v2764|v2765|v2766|v2767|v2768|v2769|v2770|v2771|v2772|v2773|v2774|v2775|v2776|v2777|v2778|v2779|v2780|v2781|v2782|v2783|v2784|v2785|v2786|v2787|v2788|v2789|v2790|e2761-3084|e2764-3016|e2768-2943|e2769-2770|e2771-2814|e2772-3105|e2776-3136|e2779-3068|e2783-2789|e2785-3066
Worker processing job packet.
Worker sent ready message for next job packet.
Worker received message: 18|92|v2731|v2732|v2733|v2734|v2735|v2736|v2737|v2738|v2739|v2740|v2741|v2742|v2743|v2744|v2745|v2746|v2747|v2748|v2749|v2750|v2751|v2752|v2753|v2754|v2755|v2756|v2757|v2758|v2759|v2760|e2731-2732|e2733-3186|e2734-2965|e2735-3228|e2736-3214|e2737-2767|e2738-2955|e2739-3053|e2740-2884|e2747-3190|e2749-3056|e2751-3211|e2752-2773|e2755-2756|e2759-2823
Worker processing job packet.
Worker sent ready message for next job packet.
Worker received message: 19|91|v2701|v2702|v2703|v2704|v2705|v2706|v2707|v2708|v2709|v2710|v2711|v2712|v2713|v2714|v2715|v2716|v2717|v2718|v2719|v2720|v2721|v2722|v2723|v2724|v2725|v2726|v2727|v2728|v2729|v2730|e2704-2705|e2715-2716|e2726-2727|e2728-2978|e2729-2914|e2730-3244
Worker processing job packet.
Worker sent ready message for next job packet.
Worker received message: 20|90|v2671|v2672|v2673|v2674|v2675|v2676|v2677|v2678|v2679|v2680|v2681|v2682|v2683|v2684|v2685|v2686|v2687|v2688|v2689|v2690|v2691|v2692|v2693|v2694|v2695|v2696|v2697|v2698|v2699|v2700|e2692-2694
Worker processing job packet.
Worker sent ready message for next job packet.
Worker received message: 21|89|v2641|v2642|v2643|v2644|v2645|v2646|v2647|v2648|v2649|v2650|v2651|v2652|v2653|v2654|v2655|v2656|v2657|v2658|v2659|v2660|v2661|v2662|v2663|v2664|v2665|v2666|v2667|v2668|v2669|v2670|e2646-2693|e2648-2649
Worker processing job packet.
Worker sent ready message for next job packet.
Worker received message: 22|88|v2611|v2612|v2613|v2614|v2615|v2616|v2617|v2618|v2619|v2620|v2621|v2622|v2623|v2624|v2625|v2626|v2627|v2628|v2629|v2630|v2631|v2632|v2633|v2634|v2635|v2636|v2637|v2638|v2639|v2640|e2612-2623|e2617-2717
Worker processing job packet.
Worker sent ready message for next job packet.
Worker received message: 23|87|v2581|v2582|v2583|v2584|v2585|v2586|v2587|v2588|v2589|v2590|v2591|v2592|v2593|v2594|v2595|v2596|v2597|v2598|v2599|v2600|v2601|v2602|v2603|v2604|v2605|v2606|v2607|v2608|v2609|v2610|e2597-2680|e2598-2599|e2610-2611
Worker processing job packet.
Worker sent ready message for next job packet.
Worker received message: 24|86|v2551|v2552|v2553|v2554|v2555|v2556|v2557|v2558|v2559|v2560|v2561|v2562|v2563|v2564|v2565|v2566|v2567|v2568|v2569|v2570|v2571|v2572|v2573|v2574|v2575|v2576|v2577|v2578|v2579|v2580|e2551-2552|e2562-2661|e2575-2637
Worker processing job packet.
Worker sent ready message for next job packet.
Worker received message: 25|85|v2521|v2522|v2523|v2524|v2525|v2526|v2527|v2528|v2529|v2530|v2531|v2532|v2533|v2534|v2535|v2536|v2537|v2538|v2539|v2540|v2541|v2542|v2543|v2544|v2545|v2546|v2547|v2548|v2549|v2550|e2533-2699|e2535-2721
Worker processing job packet.
Worker sent ready message for next job packet.
Worker received message: 26|84|v2491|v2492|v2493|v2494|v2495|v2496|v2497|v2498|v2499|v2500|v2501|v2502|v2503|v2504|v2505|v2506|v2507|v2508|v2509|v2510|v2511|v2512|v2513|v2514|v2515|v2516|v2517|v2518|v2519|v2520|e2493-2522|e2499-2502|e2503-2504
Worker processing job packet.
Worker sent ready message for next job packet.
Worker received message: 27|83|v2461|v2462|v2463|v2464|v2465|v2466|v2467|v2468|v2469|v2470|v2471|v2472|v2473|v2474|v2475|v2476|v2477|v2478|v2479|v2480|v2481|v2482|v2483|v2484|v2485|v2486|v2487|v2488|v2489|v2490
Worker processing job packet.
Worker sent ready message for next job packet.
Worker received message: 28|82|v2431|v2432|v2433|v2434|v2435|v2436|v2437|v2438|v2439|v2440|v2441|v2442|v2443|v2444|v2445|v2446|v2447|v2448|v2449|v2450|v2451|v2452|v2453|v2454|v2455|v2456|v2457|v2458|v2459|v2460|e2431-2781|e2432-3197|e2435-3132|e2436-2962|e2439-2656|e2442-3017|e2443-2938|e2446-3124|e2450-3148|e2454-2868|e2455-2820|e2457-3171|e2458-2897
Worker processing job packet.
Worker sent ready message for next job packet.
Worker received message: 29|81|v2401|v2402|v2403|v2404|v2405|v2406|v2407|v2408|v2409|v2410|v2411|v2412|v2413|v2414|v2415|v2416|v2417|v2418|v2419|v2420|v2421|v2422|v2423|v2424|v2425|v2426|v2427|v2428|v2429|v2430|e2402-2782|e2405-2445|e2407-2786|e2408-2463|e2409-2865|e2414-2862|e2416-2956|e2418-3100|e2419-2924|e2421-2908|e2423-3212|e2425-2864|e2426-3182|e2428-3024|e2429-3239
Worker processing job packet.
Worker sent ready message for next job packet.
Worker received message: 30|80|v2371|v2372|v2373|v2374|v2375|v2376|v2377|v2378|v2379|v2380|v2381|v2382|v2383|v2384|v2385|v2386|v2387|v2388|v2389|v2390|v2391|v2392|v2393|v2394|v2395|v2396|v2397|v2398|v2399|v2400|e2379-2475|e2383-2384|e2386-2600|e2388-3248|e2389-2911|e2392-3225|e2394-2748|e2395-2995|e2396-2840|e2397-2410|e2398-2873|e2399-3240|e2400-3187
Worker processing job packet.
Worker sent ready message for next job packet.
Worker received message: 31|79|v2341|v2342|v2343|v2344|v2345|v2346|v2347|v2348|v2349|v2350|v2351|v2352|v2353|v2354|v2355|v2356|v2357|v2358|v2359|v2360|v2361|v2362|v2363|v2364|v2365|v2366|v2367|v2368|v2369|v2370|e2343-2900|e2344-2958|e2345-2991|e2346-2404|e2349-2932|e2350-3144|e2352-3030|e2353-2923|e2355-3253|e2356-3138|e2357-3041|e2358-2757|e2359-2852|e2360-2878
Worker processing job packet.
Worker sent ready message for next job packet.
Worker received message: 32|78|v2311|v2312|v2313|v2314|v2315|v2316|v2317|v2318|v2319|v2320|v2321|v2322|v2323|v2324|v2325|v2326|v2327|v2328|v2329|v2330|v2331|v2332|v2333|v2334|v2335|v2336|v2337|v2338|v2339|v2340|e2312-3123|e2313-2866|e2315-3057|e2316-2999|e2317-2987|e2318-3191|e2319-2887|e2320-2975|e2325-2928|e2326-2449|e2328-2406|e2329-3020|e2333-3252|e2334-3073|e2335-3188
Worker processing job packet.
Worker sent ready message for next job packet.
Worker received message: 33|77|v2281|v2282|v2283|v2284|v2285|v2286|v2287|v2288|v2289|v2290|v2291|v2292|v2293|v2294|v2295|v2296|v2297|v2298|v2299|v2300|v2301|v2302|v2303|v2304|v2305|v2306|v2307|v2308|v2309|v2310
Worker processing job packet.
Worker sent ready message for next job packet.
Worker received message: 34|76|v2251|v2252|v2253|v2254|v2255|v2256|v2257|v2258|v2259|v2260|v2261|v2262|v2263|v2264|v2265|v2266|v2267|v2268|v2269|v2270|v2271|v2272|v2273|v2274|v2275|v2276|v2277|v2278|v2279|v2280
Worker processing job packet.
Worker sent ready message for next job packet.
Worker received message: 35|75|v2221|v2222|v2223|v2224|v2225|v2226|v2227|v2228|v2229|v2230|v2231|v2232|v2233|v2234|v2235|v2236|v2237|v2238|v2239|v2240|v2241|v2242|v2243|v2244|v2245|v2246|v2247|v2248|v2249|v2250|e2248-2249|e2250-2290
Worker processing job packet.
Worker sent ready message for next job packet.
Worker received message: 36|74|v2191|v2192|v2193|v2194|v2195|v2196|v2197|v2198|v2199|v2200|v2201|v2202|v2203|v2204|v2205|v2206|v2207|v2208|v2209|v2210|v2211|v2212|v2213|v2214|v2215|v2216|v2217|v2218|v2219|v2220|e2194-2278
Worker processing job packet.
Worker sent ready message for next job packet.
Worker received message: 37|73|v2161|v2162|v2163|v2164|v2165|v2166|v2167|v2168|v2169|v2170|v2171|v2172|v2173|v2174|v2175|v2176|v2177|v2178|v2179|v2180|v2181|v2182|v2183|v2184|v2185|v2186|v2187|v2188|v2189|v2190|e2167-2294
Worker processing job packet.
Worker sent ready message for next job packet.
Worker received message: 38|72|v2131|v2132|v2133|v2134|v2135|v2136|v2137|v2138|v2139|v2140|v2141|v2142|v2143|v2144|v2145|v2146|v2147|v2148|v2149|v2150|v2151|v2152|v2153|v2154|v2155|v2156|v2157|v2158|v2159|v2160|e2133-2627|e2137-2723|e2142-2620|e2143-2525
Worker processing job packet.
Worker sent ready message for next job packet.
Worker received message: 39|71|v2101|v2102|v2103|v2104|v2105|v2106|v2107|v2108|v2109|v2110|v2111|v2112|v2113|v2114|v2115|v2116|v2117|v2118|v2119|v2120|v2121|v2122|v2123|v2124|v2125|v2126|v2127|v2128|v2129|v2130|e2102-2496|e2113-2495|e2123-2573|e2125-2513|e2130-2381
Worker processing job packet.
Worker sent ready message for next job packet.
Worker received message: 40|70|v2071|v2072|v2073|v2074|v2075|v2076|v2077|v2078|v2079|v2080|v2081|v2082|v2083|v2084|v2085|v2086|v2087|v2088|v2089|v2090|v2091|v2092|v2093|v2094|v2095|v2096|v2097|v2098|v2099|v2100|e2071-2652|e2073-2109|e2075-2558|e2076-2387|e2086-2604|e2099-2572
Worker processing job packet.
Worker sent ready message for next job packet.
Worker received message: 41|69|v2041|v2042|v2043|v2044|v2045|v2046|v2047|v2048|v2049|v2050|v2051|v2052|v2053|v2054|v2055|v2056|v2057|v2058|v2059|v2060|v2061|v2062|v2063|v2064|v2065|v2066|v2067|v2068|v2069|v2070|e2042-2044|e2043-2214|e2048-2487|e2055-2128|e2057-2060
Worker processing job packet.
Worker sent ready message for next job packet.
Worker received message: 42|68|v2011|v2012|v2013|v2014|v2015|v2016|v2017|v2018|v2019|v2020|v2021|v2022|v2023|v2024|v2025|v2026|v2027|v2028|v2029|v2030|v2031|v2032|v2033|v2034|v2035|v2036|v2037|v2038|v2039|v2040|e2018-2160|e2025-2027|e2036-2201|e2037-2276|e2038-2039
Worker processing job packet.
Worker sent ready message for next job packet.
Worker received message: 43|67|v1981|v1982|v1983|v1984|v1985|v1986|v1987|v1988|v1989|v1990|v1991|v1992|v1993|v1994|v1995|v1996|v1997|v1998|v1999|v2000|v2001|v2002|v2003|v2004|v2005|v2006|v2007|v2008|v2009|v2010|e2004-2257
Worker processing job packet.
Worker sent ready message for next job packet.
Worker received message: 44|66|v1951|v1952|v1953|v1954|v1955|v1956|v1957|v1958|v1959|v1960|v1961|v1962|v1963|v1964|v1965|v1966|v1967|v1968|v1969|v1970|v1971|v1972|v1973|v1974|v1975|v1976|v1977|v1978|v1979|v1980|e1951-2638|e1974-2090|e1980-2602
Worker processing job packet.
Worker sent ready message for next job packet.
Worker received message: 45|65|v1921|v1922|v1923|v1924|v1925|v1926|v1927|v1928|v1929|v1930|v1931|v1932|v1933|v1934|v1935|v1936|v1937|v1938|v1939|v1940|v1941|v1942|v1943|v1944|v1945|v1946|v1947|v1948|v1949|v1950|e1922-2857|e1923-3012|e1923-3153|e1924-2765|e1924-3130|e1927-3158|e1928-2980|e1929-3154|e1931-1933|e1935-3159|e1936-2456|e1942-2347|e1943-2311|e1943-3229|e1947-2230
Worker processing job packet.
Worker sent ready message for next job packet.
Worker received message: 46|64|v1891|v1892|v1893|v1894|v1895|v1896|v1897|v1898|v1899|v1900|v1901|v1902|v1903|v1904|v1905|v1906|v1907|v1908|v1909|v1910|v1911|v1912|v1913|v1914|v1915|v1916|v1917|v1918|v1919|v1920|e1891-2760|e1891-2844|e1893-2920|e1894-1917|e1895-2430|e1895-2842|e1897-1919|e1899-2885|e1899-2981|e1900-3259|e1902-2976|e1902-3196|e1906-3218|e1906-3264|e1907-3231|e1909-3216|e1910-1911|e1912-1913|e1914-3222|e1917-1921|e1918-2998|e1920-1931|e1920-1933
Worker processing job packet.
Worker sent ready message for next job packet.
Worker received message: 47|63|v1861|v1862|v1863|v1864|v1865|v1866|v1867|v1868|v1869|v1870|v1871|v1872|v1873|v1874|v1875|v1876|v1877|v1878|v1879|v1880|v1881|v1882|v1883|v1884|v1885|v1886|v1887|v1888|v1889|v1890|e1861-1862|e1862-2874|e1863-3025|e1865-1866|e1866-3177|e1867-3131|e1868-2390|e1869-2788|e1869-2883|e1870-3072|e1872-1883|e1873-2354|e1874-2331|e1875-1876|e1875-1877|e1876-1877|e1878-3210|e1879-2750|e1879-2762|e1880-2393|e1880-2758|e1881-1882|e1885-2332|e1886-3011|e1887-1912|e1888-3022|e1889-2839|e1889-3261
Worker processing job packet.
Worker sent ready message for next job packet.
Worker received message: 48|62|v1831|v1832|v1833|v1834|v1835|v1836|v1837|v1838|v1839|v1840|v1841|v1842|v1843|v1844|v1845|v1846|v1847|v1848|v1849|v1850|v1851|v1852|v1853|v1854|v1855|v1856|v1857|v1858|v1859|v1860|e1831-2635|e1833-2118|e1835-2136|e1835-2672|e1838-2571|e1844-2718|e1848-2132|e1849-1850|e1849-2961|e1850-2879|e1851-2968|e1852-2787|e1852-2837|e1853-2459|e1853-3008|e1854-3064|e1855-1859|e1857-1934|e1858-2832|e1858-2917|e1859-2951|e1860-2929|e1860-3037
Worker processing job packet.
Worker sent ready message for next job packet.
Worker received message: 49|61|v1801|v1802|v1803|v1804|v1805|v1806|v1807|v1808|v1809|v1810|v1811|v1812|v1813|v1814|v1815|v1816|v1817|v1818|v1819|v1820|v1821|v1822|v1823|v1824|v1825|v1826|v1827|v1828|v1829|v1830|e1802-2683|e1806-1809|e1812-2534|e1812-2689|e1814-2066|e1815-2547|e1815-2688|e1819-1820|e1821-2553|e1822-2521|e1823-2104|e1825-2621|e1828-2081|e1829-2412|e1830-2149
Worker processing job packet.
Worker sent ready message for next job packet.
Worker received message: 50|60|v1771|v1772|v1773|v1774|v1775|v1776|v1777|v1778|v1779|v1780|v1781|v1782|v1783|v1784|v1785|v1786|v1787|v1788|v1789|v1790|v1791|v1792|v1793|v1794|v1795|v1796|v1797|v1798|v1799|v1800|e1773-1985|e1774-1810|e1777-2119|e1781-2087|e1781-2371|e1782-2659|e1785-1993|e1786-2374|e1787-2083|e1789-1790|e1798-2691|e1799-1973|e1799-2062|e1800-2103
Worker processing job packet.
Worker sent ready message for next job packet.
Worker received message: 51|59|v1741|v1742|v1743|v1744|v1745|v1746|v1747|v1748|v1749|v1750|v1751|v1752|v1753|v1754|v1755|v1756|v1757|v1758|v1759|v1760|v1761|v1762|v1763|v1764|v1765|v1766|v1767|v1768|v1769|v1770|e1744-1748|e1745-2658|e1747-1792|e1747-1793|e1749-1805|e1750-1751|e1753-1784|e1754-1772|e1755-1978|e1757-1798|e1758-1885|e1759-2385|e1764-1810|e1767-2524|e1767-2624|e1769-2557
Worker processing job packet.
Worker sent ready message for next job packet.
Worker received message: 52|58|v1711|v1712|v1713|v1714|v1715|v1716|v1717|v1718|v1719|v1720|v1721|v1722|v1723|v1724|v1725|v1726|v1727|v1728|v1729|v1730|v1731|v1732|v1733|v1734|v1735|v1736|v1737|v1738|v1739|v1740|e1711-2514|e1712-2473|e1712-2639|e1715-1847|e1716-1813|e1718-1761|e1719-2067|e1722-1953|e1722-2674|e1724-1769|e1724-2577|e1725-2114|e1725-2124|e1727-2127|e1729-2530|e1730-2668|e1731-2695|e1732-1843|e1733-1804|e1735-1764|e1735-1774|e1736-1796|e1739-1803|e1740-1829
Worker processing job packet.
Worker sent ready message for next job packet.
Worker received message: 53|57|v1681|v1682|v1683|v1684|v1685|v1686|v1687|v1688|v1689|v1690|v1691|v1692|v1693|v1694|v1695|v1696|v1697|v1698|v1699|v1700|v1701|v1702|v1703|v1704|v1705|v1706|v1707|v1708|v1709|v1710|e1686-2565|e1689-1778|e1691-2097|e1692-2618|e1692-2619|e1696-1986|e1696-2583|e1698-1882|e1699-1836|e1701-1702|e1704-1888|e1705-1833
Worker processing job packet.
Worker sent ready message for next job packet.
Worker received message: 54|56|v1651|v1652|v1653|v1654|v1655|v1656|v1657|v1658|v1659|v1660|v1661|v1662|v1663|v1664|v1665|v1666|v1667|v1668|v1669|v1670|v1671|v1672|v1673|v1674|v1675|v1676|v1677|v1678|v1679|v1680|e1654-1847|e1657-1737|e1658-2411|e1661-2580|e1661-2586|e1663-2121|e1663-2150|e1667-1818|e1670-1893|e1674-1818|e1676-1688|e1676-1758|e1678-2682|e1679-2138
Worker processing job packet.
Worker sent ready message for next job packet.
Worker received message: 55|55|v1621|v1622|v1623|v1624|v1625|v1626|v1627|v1628|v1629|v1630|v1631|v1632|v1633|v1634|v1635|v1636|v1637|v1638|v1639|v1640|v1641|v1642|v1643|v1644|v1645|v1646|v1647|v1648|v1649|v1650|e1621-1622|e1621-2351|e1623-3074|e1625-3126|e1627-1631|e1627-2811|e1632-2972|e1633-2831|e1634-1900|e1634-3230|e1635-1940|e1640-2944|e1643-1816|e1646-1840|e1647-1779|e1648-1651|e1648-2609
Worker processing job packet.
Worker sent ready message for next job packet.
Worker received message: 56|54|v1591|v1592|v1593|v1594|v1595|v1596|v1597|v1598|v1599|v1600|v1601|v1602|v1603|v1604|v1605|v1606|v1607|v1608|v1609|v1610|v1611|v1612|v1613|v1614|v1615|v1616|v1617|v1618|v1619|v1620|e1591-1916|e1592-2462|e1593-1897|e1595-2875|e1596-1801|e1596-2845|e1597-2954|e1597-3119|e1599-2869|e1599-3059|e1602-2988|e1603-3102|e1607-1926|e1607-3166|e1612-2977|e1613-1941|e1614-1864|e1616-2808|e1618-3147|e1619-3202|e1620-3078
Worker processing job packet.
Worker sent ready message for next job packet.
Worker received message: 57|53|v1561|v1562|v1563|v1564|v1565|v1566|v1567|v1568|v1569|v1570|v1571|v1572|v1573|v1574|v1575|v1576|v1577|v1578|v1579|v1580|v1581|v1582|v1583|v1584|v1585|v1586|v1587|v1588|v1589|v1590|e1562-1629|e1562-2790|e1563-3204|e1564-2321|e1564-3044|e1566-2797|e1566-2939|e1567-3145|e1568-1894|e1568-1921|e1570-1571|e1570-1572|e1571-1572|e1573-1574|e1577-1641|e1578-2890|e1579-2422|e1581-3101|e1582-1587|e1583-3089|e1583-3156|e1585-3128|e1586-2778|e1586-2780|e1588-1589|e1590-2784
Worker processing job packet.
Worker sent ready message for next job packet.
Worker received message: 58|52|v1531|v1532|v1533|v1534|v1535|v1536|v1537|v1538|v1539|v1540|v1541|v1542|v1543|v1544|v1545|v1546|v1547|v1548|v1549|v1550|v1551|v1552|v1553|v1554|v1555|v1556|v1557|v1558|v1559|v1560|e1531-3106|e1535-2827|e1536-1878|e1537-1592|e1538-3013|e1538-3176|e1539-1611|e1539-3083|e1540-1624|e1542-1594|e1542-2982|e1544-2793|e1545-1932|e1546-2424|e1546-2799|e1547-2330|e1547-2801|e1549-2461|e1550-2452|e1551-3134|e1553-3071|e1553-3079|e1554-1555|e1554-1609|e1555-1609|e1558-2930|e1558-3085|e1560-3049
Worker processing job packet.
Worker sent ready message for next job packet.
Worker received message: 59|51|v1501|v1502|v1503|v1504|v1505|v1506|v1507|v1508|v1509|v1510|v1511|v1512|v1513|v1514|v1515|v1516|v1517|v1518|v1519|v1520|v1521|v1522|v1523|v1524|v1525|v1526|v1527|v1528|v1529|v1530|e1501-1842|e1502-2077|e1506-1706|e1507-2665|e1513-1872|e1513-1883|e1515-1681|e1516-1563|e1516-2807|e1517-3224|e1518-1856|e1519-1559|e1522-1937|e1523-1530|e1524-2348|e1524-2447|e1526-1579|e1526-3247|e1527-1908|e1529-1903|e1530-2841
Worker processing job packet.
Worker sent ready message for next job packet.
Worker received message: 60|50|v1471|v1472|v1473|v1474|v1475|v1476|v1477|v1478|v1479|v1480|v1481|v1482|v1483|v1484|v1485|v1486|v1487|v1488|v1489|v1490|v1491|v1492|v1493|v1494|v1495|v1496|v1497|v1498|v1499|v1500|e1471-1918|e1471-2948|e1472-1483|e1472-3121|e1475-2834|e1476-2427|e1477-3150|e1478-1890|e1479-2753|e1479-3155|e1480-1578|e1485-1750|e1487-2322|e1487-3040|e1488-1626|e1488-1939|e1490-1548|e1490-1617|e1492-2441|e1492-2996|e1493-2361|e1493-2817|e1495-2902|e1497-1652|e1497-2391|e1498-1543|e1499-2870|e1499-2876|e1500-3015|e1500-3120
Worker processing job packet.
Worker sent ready message for next job packet.
Worker received message: 61|49|v1441|v1442|v1443|v1444|v1445|v1446|v1447|v1448|v1449|v1450|v1451|v1452|v1453|v1454|v1455|v1456|v1457|v1458|v1459|v1460|v1461|v1462|v1463|v1464|v1465|v1466|v1467|v1468|v1469|v1470|e1441-1666|e1442-1955|e1442-2563|e1444-1445|e1444-2497|e1445-2642|e1448-2501|e1449-2480|e1449-2655|e1451-2722|e1452-1453|e1452-2632|e1453-2481|e1454-1994|e1456-2341|e1457-1458|e1457-1720|e1459-1501|e1460-2375|e1462-3010|e1462-3061|e1463-2415|e1464-3223|e1465-3001|e1465-3098|e1467-1468
Worker processing job packet.
Worker sent ready message for next job packet.
Worker received message: 62|48|v1411|v1412|v1413|v1414|v1415|v1416|v1417|v1418|v1419|v1420|v1421|v1422|v1423|v1424|v1425|v1426|v1427|v1428|v1429|v1430|v1431|v1432|v1433|v1434|v1435|v1436|v1437|v1438|v1439|v1440|e1414-2281|e1416-2207|e1423-2254|e1439-1807|e1440-2485|e1440-2508
Worker processing job packet.
Worker sent ready message for next job packet.
Worker received message: 63|47|v1381|v1382|v1383|v1384|v1385|v1386|v1387|v1388|v1389|v1390|v1391|v1392|v1393|v1394|v1395|v1396|v1397|v1398|v1399|v1400|v1401|v1402|v1403|v1404|v1405|v1406|v1407|v1408|v1409|v1410|e1385-1560|e1386-2195|e1392-2162|e1394-1396|e1396-2033|e1397-1464|e1404-2000
Worker processing job packet.
Worker sent ready message for next job packet.
Worker received message: 64|46|v1351|v1352|v1353|v1354|v1355|v1356|v1357|v1358|v1359|v1360|v1361|v1362|v1363|v1364|v1365|v1366|v1367|v1368|v1369|v1370|v1371|v1372|v1373|v1374|v1375|v1376|v1377|v1378|v1379|v1380|e1354-1896|e1357-1948|e1357-1960|e1361-1399|e1375-1388|e1378-2302
Worker processing job packet.
Worker sent ready message for next job packet.
Worker received message: 65|45|v1321|v1322|v1323|v1324|v1325|v1326|v1327|v1328|v1329|v1330|v1331|v1332|v1333|v1334|v1335|v1336|v1337|v1338|v1339|v1340|v1341|v1342|v1343|v1344|v1345|v1346|v1347|v1348|v1349|v1350|e1326-1343|e1330-1637|e1332-1728|e1332-1839|e1333-2096|e1336-1728|e1336-1839|e1337-1806|e1337-1809|e1338-1368|e1342-1418|e1345-2210|e1346-1425
Worker processing job packet.
Worker sent ready message for next job packet.
Worker received message: 66|44|v1291|v1292|v1293|v1294|v1295|v1296|v1297|v1298|v1299|v1300|v1301|v1302|v1303|v1304|v1305|v1306|v1307|v1308|v1309|v1310|v1311|v1312|v1313|v1314|v1315|v1316|v1317|v1318|v1319|v1320|e1291-1293|e1293-1989|e1294-1713|e1294-2741|e1296-2561|e1297-1828|e1297-2112|e1298-1456|e1301-2622|e1311-2153|e1314-1379|e1314-1421|e1318-1319|e1318-1320
Worker processing job packet.
Worker sent ready message for next job packet.
Worker received message: 67|43|v1261|v1262|v1263|v1264|v1265|v1266|v1267|v1268|v1269|v1270|v1271|v1272|v1273|v1274|v1275|v1276|v1277|v1278|v1279|v1280|v1281|v1282|v1283|v1284|v1285|v1286|v1287|v1288|v1289|v1290|e1263-1794|e1264-2140|e1266-2117|e1266-2484|e1268-1454|e1270-1771|e1270-1773|e1271-1838|e1271-2512|e1272-2106|e1273-1633|e1276-1759|e1277-1331|e1278-1710|e1280-2566|e1284-1751|e1289-1514
Worker processing job packet.
Worker sent ready message for next job packet.
Worker received message: 68|42|v1231|v1232|v1233|v1234|v1235|v1236|v1237|v1238|v1239|v1240|v1241|v1242|v1243|v1244|v1245|v1246|v1247|v1248|v1249|v1250|v1251|v1252|v1253|v1254|v1255|v1256|v1257|v1258|v1259|v1260|e1237-1354|e1239-1321|e1243-1364|e1243-2237|e1245-1327|e1253-2337|e1255-1620|e1256-1260|e1258-1664|e1259-1508
Worker processing job packet.
Worker sent ready message for next job packet.
Worker received message: 69|41|v1201|v1202|v1203|v1204|v1205|v1206|v1207|v1208|v1209|v1210|v1211|v1212|v1213|v1214|v1215|v1216|v1217|v1218|v1219|v1220|v1221|v1222|v1223|v1224|v1225|v1226|v1227|v1228|v1229|v1230|e1202-1310|e1207-1868|e1207-1959|e1208-1391|e1210-2203|e1212-1315|e1214-2010|e1215-2273|e1218-1734|e1221-1362|e1223-1544|e1224-1431|e1226-1402|e1227-1595|e1227-2221|e1229-2275|e1230-1581
Worker processing job packet.
Worker sent ready message for next job packet.
Worker received message: 70|40|v1171|v1172|v1173|v1174|v1175|v1176|v1177|v1178|v1179|v1180|v1181|v1182|v1183|v1184|v1185|v1186|v1187|v1188|v1189|v1190|v1191|v1192|v1193|v1194|v1195|v1196|v1197|v1198|v1199|v1200|e1171-1323|e1172-2181|e1177-1211|e1179-2306|e1182-1961|e1183-2271|e1185-2303|e1191-1224|e1192-2046|e1193-1222|e1194-2006|e1195-1996
Worker processing job packet.
Worker sent ready message for next job packet.
Worker received message: 71|39|v1141|v1142|v1143|v1144|v1145|v1146|v1147|v1148|v1149|v1150|v1151|v1152|v1153|v1154|v1155|v1156|v1157|v1158|v1159|v1160|v1161|v1162|v1163|v1164|v1165|v1166|v1167|v1168|v1169|v1170|e1141-1904|e1142-1482|e1143-1427|e1145-2895|e1145-2896|e1146-2847|e1146-3125|e1147-1565|e1147-1636|e1147-2464|e1149-1366|e1150-1415|e1151-2016|e1152-1165|e1152-1360|e1153-1424|e1154-1861|e1154-2185|e1157-1327|e1157-1328|e1158-1225|e1160-1240|e1162-1427|e1163-1322|e1163-2157|e1167-1244
Worker processing job packet.
Worker sent ready message for next job packet.
Worker received message: 72|38|v1111|v1112|v1113|v1114|v1115|v1116|v1117|v1118|v1119|v1120|v1121|v1122|v1123|v1124|v1125|v1126|v1127|v1128|v1129|v1130|v1131|v1132|v1133|v1134|v1135|v1136|v1137|v1138|v1139|v1140|e1111-1113|e1111-1898|e1111-1905|e1112-1498|e1112-1543|e1112-3263|e1113-1898|e1113-1905|e1114-1910|e1114-1911|e1114-3208|e1115-2974|e1115-2983|e1115-3220|e1116-1842|e1116-1884|e1117-1130|e1118-2763|e1118-3069|e1118-3209|e1119-1133|e1119-1580|e1120-1896|e1120-2809|e1120-2997|e1121-1535|e1121-1551|e1122-1561|e1123-1626|e1123-3127|e1124-1125|e1124-2791|e1126-1892|e1127-1128|e1127-1129|e1128-1129|e1132-1628|e1132-2964|e1135-1576|e1135-1616|e1136-1521|e1136-1832|e1137-1637|e1138-1172|e1138-1925
Worker processing job packet.
Worker sent ready message for next job packet.
Worker received message: 73|37|v1081|v1082|v1083|v1084|v1085|v1086|v1087|v1088|v1089|v1090|v1091|v1092|v1093|v1094|v1095|v1096|v1097|v1098|v1099|v1100|v1101|v1102|v1103|v1104|v1105|v1106|v1107|v1108|v1109|v1110|e1081-1110|e1082-1119|e1082-1133|e1083-2880|e1083-2894|e1084-1531|e1084-1548|e1084-1617|e1086-2889|e1087-2777|e1087-3170|e1088-2815|e1088-2892|e1088-3257|e1089-2724|e1089-2872|e1089-2992|e1090-1600|e1091-1534|e1091-1873|e1092-1131|e1093-1748|e1094-1611|e1095-1096|e1095-3146|e1096-1871|e1096-2327|e1097-1466|e1097-1662|e1098-1132|e1099-1552|e1100-1938|e1101-1608|e1102-1104|e1103-1345|e1103-1537|e1105-1614|e1105-1864|e1105-3178|e1107-1527|e1107-1908|e1107-2947|e1108-2451|e1109-3256
Worker processing job packet.
Worker sent ready message for next job packet.
Worker received message: 74|36|v1051|v1052|v1053|v1054|v1055|v1056|v1057|v1058|v1059|v1060|v1061|v1062|v1063|v1064|v1065|v1066|v1067|v1068|v1069|v1070|v1071|v1072|v1073|v1074|v1075|v1076|v1077|v1078|v1079|v1080|e1051-1085|e1052-1623|e1052-3226|e1052-3227|e1053-1639|e1054-1520|e1055-1575|e1056-1181|e1056-2433|e1056-3183|e1057-2936|e1058-1916|e1058-2959|e1059-1134|e1059-1557|e1060-1134|e1060-1557|e1061-1436|e1061-1695|e1062-1574|e1062-2742|e1063-1528|e1063-1930|e1063-3108|e1064-1140|e1064-3149|e1065-1584|e1065-1656|e1067-2098|e1067-2342|e1067-2708|e1068-2382|e1069-1458|e1069-1485|e1070-2472|e1070-2476|e1070-2478|e1071-1698|e1072-1446|e1072-2516|e1073-2540|e1073-2614|e1075-1252|e1075-2082|e1076-2403|e1076-2774|e1077-1486
Worker processing job packet.
Worker sent ready message for next job packet.
Worker received message: 75|35|v1021|v1022|v1023|v1024|v1025|v1026|v1027|v1028|v1029|v1030|v1031|v1032|v1033|v1034|v1035|v1036|v1037|v1038|v1039|v1040|v1041|v1042|v1043|v1044|v1045|v1046|v1047|v1048|v1049|v1050|e1022-1410|e1023-1187|e1028-1405|e1029-1226|e1029-1402|e1031-2263|e1032-1046|e1032-1090|e1032-2314|e1033-1057|e1033-2754|e1033-2949|e1034-1610|e1035-1039|e1036-1127|e1036-1128|e1036-1129|e1037-2966|e1037-3241|e1038-1043|e1038-1494|e1038-1532|e1039-3250|e1040-1347|e1040-1556|e1041-1525|e1041-1901|e1042-1126|e1042-1892|e1043-1494|e1043-1532|e1044-1139|e1045-1470|e1046-1090|e1046-1600|e1047-1549|e1047-1768|e1047-1942|e1048-1540|e1048-1624|e1048-2971|e1049-1121|e1049-3104|e1049-3217|e1050-1076
Worker processing job packet.
Worker sent ready message for next job packet.
Worker received message: 76|34|v991|v992|v993|v994|v995|v996|v997|v998|v999|v1000|v1001|v1002|v1003|v1004|v1005|v1006|v1007|v1008|v1009|v1010|v1011|v1012|v1013|v1014|v1015|v1016|v1017|v1018|v1019|v1020|e991-1307|e991-1400|e992-1511|e992-1741|e994-1144|e994-1414|e995-1421|e995-2026|e998-1150|e999-1177|e1000-1393|e1001-1309|e1001-1413|e1004-1159|e1004-2171|e1005-1518|e1005-1856|e1008-1204|e1008-1205|e1012-1949|e1015-1422|e1016-2159|e1017-1018|e1018-1027|e1019-1030
Worker processing job packet.
Worker sent ready message for next job packet.
Worker received message: 77|33|v961|v962|v963|v964|v965|v966|v967|v968|v969|v970|v971|v972|v973|v974|v975|v976|v977|v978|v979|v980|v981|v982|v983|v984|v985|v986|v987|v988|v989|v990|e961-1019|e961-1030|e963-1024|e963-1631|e967-1011|e967-1244|e968-1723|e972-1200|e973-1031|e973-1178|e976-1194|e976-1195|e976-1196|e978-1220|e980-1344|e980-2034|e980-2239|e981-1341|e981-1928|e982-983|e986-1166|e986-1372|e989-2192|e989-2193|e990-2161
Worker processing job packet.
Worker sent ready message for next job packet.
Worker received message: 78|32|v931|v932|v933|v934|v935|v936|v937|v938|v939|v940|v941|v942|v943|v944|v945|v946|v947|v948|v949|v950|v951|v952|v953|v954|v955|v956|v957|v958|v959|v960|e932-1642|e933-2202|e934-2225|e935-1186|e936-937|e936-2172|e938-986|e941-1037|e942-1550|e943-1201|e943-2292|e945-1478|e945-1890|e946-1108|e948-1308|e949-1010|e949-1673|e951-1013|e951-1811|e952-1029|e952-1672|e955-1173|e956-988|e956-1380
Worker processing job packet.
Worker sent ready message for next job packet.
Worker received message: 79|31|v901|v902|v903|v904|v905|v906|v907|v908|v909|v910|v911|v912|v913|v914|v915|v916|v917|v918|v919|v920|v921|v922|v923|v924|v925|v926|v927|v928|v929|v930|e901-1640|e901-1771|e902-1726|e902-2669|e903-1800|e903-2568|e904-1845|e905-1982|e905-2544|e905-2696|e906-1073|e907-1675|e908-1593|e908-1919|e909-1837|e911-1975|e912-1819|e912-1820|e912-2645|e915-1459|e915-1765|e915-2089|e918-1281|e920-1375|e920-1383|e920-1388|e923-974|e925-2261|e925-2297|e926-974|e927-974|e928-1181
Worker processing job packet.
Worker sent ready message for next job packet.
Worker received message: 80|30|v871|v872|v873|v874|v875|v876|v877|v878|v879|v880|v881|v882|v883|v884|v885|v886|v887|v888|v889|v890|v891|v892|v893|v894|v895|v896|v897|v898|v899|v900|e871-1098|e872-2673|e874-2144|e876-1656|e876-2080|e877-885|e877-886|e877-1476|e878-1447|e880-1283|e880-2559|e881-2070|e881-2664|e881-2681|e882-1697|e883-1339|e883-1841|e884-1726|e885-1649|e886-1649|e887-2606|e887-2631|e888-1331|e889-1300|e889-1685|e890-1292|e890-2541|e890-2555|e892-1693|e893-1441|e893-1666|e893-2523|e894-1068|e894-1290|e895-909|e897-903|e897-1825|e898-1057|e899-1746|e900-2532
Worker processing job packet.
Worker sent ready message for next job packet.
Worker received message: 81|29|v841|v842|v843|v844|v845|v846|v847|v848|v849|v850|v851|v852|v853|v854|v855|v856|v857|v858|v859|v860|v861|v862|v863|v864|v865|v866|v867|v868|v869|v870|e842-1730|e842-1824|e842-2585|e843-1817|e844-1857|e844-1934|e845-1066|e846-2310|e846-2460|e846-3262|e847-1094|e848-1100|e848-1541|e849-994|e849-1144|e849-1353|e850-1143|e850-2819|e851-872|e852-1296|e853-1283|e855-1267|e857-1701|e857-1702|e859-1299|e862-1783|e862-2373|e865-1377|e865-1408|e866-1788|e867-880|e867-1651|e867-1720|e868-914|e869-2678|e870-1295
Worker processing job packet.
Worker sent ready message for next job packet.
Worker received message: 82|28|v811|v812|v813|v814|v815|v816|v817|v818|v819|v820|v821|v822|v823|v824|v825|v826|v827|v828|v829|v830|v831|v832|v833|v834|v835|v836|v837|v838|v839|v840|e811-848|e812-1155|e814-815|e814-1433|e815-1083|e816-2283|e817-1736|e817-2594|e818-1738|e818-1780|e819-821|e820-1343|e820-1732|e820-1843|e821-1145|e822-1729|e822-2536|e822-2644|e823-2453|e824-871|e824-1098|e825-2494|e825-2517|e825-2667|e826-1760|e827-902|e827-919|e828-2378|e829-1763|e829-2059|e832-838|e832-1680|e832-2625|e833-1786|e833-1950|e833-2567|e834-1707|e834-1854|e836-840|e836-1491|e836-2069|e837-1116|e837-1884|e839-1753|e839-1784|e839-2372|e840-1491|e840-2666
Worker processing job packet.
Worker sent ready message for next job packet.
Worker received message: 83|27|v781|v782|v783|v784|v785|v786|v787|v788|v789|v790|v791|v792|v793|v794|v795|v796|v797|v798|v799|v800|v801|v802|v803|v804|v805|v806|v807|v808|v809|v810|e782-1329|e784-898|e785-1373|e785-2247|e786-1123|e787-1188|e787-1387|e789-1660|e790-1189|e791-1313|e791-1390|e791-2178|e795-941|e796-1792|e796-1793|e797-907|e797-1300|e798-1153|e798-1424|e799-1017|e801-928|e802-1312|e803-1347|e804-1257|e805-2180|e805-2304|e806-1023|e808-940|e809-1187|e810-1217
Worker processing job packet.
Worker sent ready message for next job packet.
Worker received message: 84|26|v751|v752|v753|v754|v755|v756|v757|v758|v759|v760|v761|v762|v763|v764|v765|v766|v767|v768|v769|v770|v771|v772|v773|v774|v775|v776|v777|v778|v779|v780|e752-1945|e753-2626|e754-1832|e754-1952|e755-914|e756-885|e756-886|e756-1674|e758-894|e758-2507|e760-817|e760-1292|e760-2630|e762-863|e762-1622|e763-1644|e764-2591|e765-780|e765-965|e766-1306|e766-2234|e767-988|e768-1058|e768-1591|e768-2260|e769-1230|e771-1635|e771-1940|e772-1203|e772-1311|e774-951|e775-816|e776-778|e777-2251|e779-960
Worker processing job packet.
Worker sent ready message for next job packet.
Worker received message: 85|25|v721|v722|v723|v724|v725|v726|v727|v728|v729|v730|v731|v732|v733|v734|v735|v736|v737|v738|v739|v740|v741|v742|v743|v744|v745|v746|v747|v748|v749|v750|e721-1509|e721-1510|e721-1512|e722-2369|e723-1333|e724-866|e724-1788|e725-827|e725-1269|e726-855|e726-1267|e726-2479|e727-1665|e728-1511|e728-1741|e729-910|e729-911|e730-891|e730-1700|e731-830|e731-1263|e731-1794|e733-921|e733-1072|e733-1446|e735-1349|e736-1022|e736-1957|e737-844|e738-907|e739-862|e739-1699|e739-1783|e740-1647|e740-1779|e740-2370|e741-1443|e741-2546|e742-860|e742-1797|e743-860|e743-1797|e744-2079|e744-2509|e745-1689|e745-1716|e745-1813|e746-2486|e749-1817
Worker processing job packet.
Worker sent ready message for next job packet.
Worker received message: 86|24|v691|v692|v693|v694|v695|v696|v697|v698|v699|v700|v701|v702|v703|v704|v705|v706|v707|v708|v709|v710|v711|v712|v713|v714|v715|v716|v717|v718|v719|v720|e691-799|e691-1363|e691-1415|e692-958|e693-1006|e693-1021|e694-978|e696-997|e697-1004|e698-2208|e698-2288|e699-969|e699-1355|e699-1365|e699-1367|e700-1168|e700-1169|e701-735|e701-1315|e701-1426|e702-1417|e702-1430|e702-1434|e702-1480|e703-954|e703-1023|e706-1007|e706-1330|e708-1180|e709-1020|e709-1213|e709-1251|e710-795|e710-1745|e710-1787|e711-770|e712-970|e712-1191|e712-1431|e713-1259|e716-916|e718-2368
Worker processing job packet.
Worker sent ready message for next job packet.
Worker received message: 87|23|v661|v662|v663|v664|v665|v666|v667|v668|v669|v670|v671|v672|v673|v674|v675|v676|v677|v678|v679|v680|v681|v682|v683|v684|v685|v686|v687|v688|v689|v690|e661-1504|e662-1167|e662-2032|e663-1074|e664-767|e664-936|e666-1930|e667-669|e667-1619|e667-1939|e668-732|e668-782|e668-987|e669-692|e669-958|e670-765|e670-2253|e672-962|e672-1594|e673-674|e673-1137|e674-2286|e675-708|e675-1582|e675-1587|e675-2165|e676-996|e677-679|e677-763|e677-851|e679-816|e679-2022|e679-2164|e681-1144|e681-1254|e682-1210|e683-971|e687-1071|e688-785|e688-966|e690-1178|e690-2223
Worker processing job packet.
Worker sent ready message for next job packet.
Worker received message: 88|22|v631|v632|v633|v634|v635|v636|v637|v638|v639|v640|v641|v642|v643|v644|v645|v646|v647|v648|v649|v650|v651|v652|v653|v654|v655|v656|v657|v658|v659|v660|e631-660|e632-1419|e633-805|e633-1219|e633-2284|e634-1286|e637-683|e637-971|e638-1009|e639-1374|e639-2285|e640-806|e640-954|e641-686|e642-775|e642-1348|e642-2170|e642-2259|e643-2176|e644-1015|e646-1382|e647-795|e648-987|e648-2030|e649-1245|e649-2226|e651-734|e651-1496|e652-1146|e654-1966|e655-969|e655-1355|e655-1365|e655-1367|e657-707|e657-752|e658-984|e658-2270
Worker processing job packet.
Worker sent ready message for next job packet.
Worker received message: 89|21|v601|v602|v603|v604|v605|v606|v607|v608|v609|v610|v611|v612|v613|v614|v615|v616|v617|v618|v619|v620|v621|v622|v623|v624|v625|v626|v627|v628|v629|v630|e601-826|e601-899|e601-1746|e602-761|e602-896|e602-1277|e603-667|e604-1625|e604-2417|e604-2967|e604-3221|e605-1650|e605-2595|e606-1276|e606-1288|e608-761|e609-2058|e609-2110|e609-2498|e609-2564|e610-1450|e611-2477|e612-1386|e612-1461|e612-1604|e612-1615|e613-753|e613-853|e613-1734|e614-1915|e614-2994|e615-1044|e615-1139|e615-3051|e616-1733|e616-1804|e616-2364|e616-2608|e617-838|e617-1680|e617-1970|e617-2634|e618-900|e618-1507|e618-1846|e620-1340|e620-1775|e621-830|e621-1782|e621-2584|e622-2013|e622-2235|e622-2293|e624-1199|e625-1602|e626-803|e626-1040|e626-1556|e627-942|e627-1406|e630-682
Worker processing job packet.
Worker sent ready message for next job packet.
Worker received message: 90|20|v571|v572|v573|v574|v575|v576|v577|v578|v579|v580|v581|v582|v583|v584|v585|v586|v587|v588|v589|v590|v591|v592|v593|v594|v595|v596|v597|v598|v599|v600|e571-1102|e571-1104|e571-1613|e572-1081|e572-1110|e572-1606|e573-1851|e573-1922|e573-2434|e573-2438|e574-579|e574-1094|e574-1477|e575-1577|e575-1641|e576-651|e576-734|e576-1496|e576-2871|e577-1051|e577-1085|e577-1099|e578-1108|e578-1887|e578-3133|e579-847|e579-2766|e580-603|e580-786|e580-1598|e581-802|e581-1045|e581-1469|e581-1470|e582-673|e583-1473|e583-1489|e583-2725|e584-1082|e584-1133|e584-1159|e584-1580|e585-1093|e585-1601|e585-3172|e586-1721|e586-1744|e586-1988|e586-2100|e587-1010|e587-1437|e589-1789|e589-1790|e589-2628|e590-716|e590-916|e590-1992|e591-610|e592-681|e592-744|e592-1254|e592-1353|e593-819|e593-1517|e593-1590|e594-1670|e594-1709|e594-2129|e595-742|e595-743|e595-860|e595-2092|e596-672|e596-1749|e596-2651|e597-823|e597-1062|e597-1573|e598-1671|e598-2134|e598-2135|e598-2706|e599-841|e600-826|e600-899|e600-1760
Worker processing job packet.
Worker sent ready message for next job packet.
Worker received message: 91|19|v541|v542|v543|v544|v545|v546|v547|v548|v549|v550|v551|v552|v553|v554|v555|v556|v557|v558|v559|v560|v561|v562|v563|v564|v565|v566|v567|v568|v569|v570|e541-552|e542-859|e542-1054|e543-869|e543-1645|e543-1703|e544-2122|e545-600|e545-601|e545-1718|e545-1761|e546-823|e546-1569|e546-1605|e547-804|e549-713|e549-723|e549-2545|e550-562|e550-1053|e550-1142|e551-552|e551-1080|e552-879|e552-1080|e553-1124|e553-1125|e553-1239|e554-939|e554-1122|e554-1638|e555-615|e555-1044|e555-1139|e555-2886|e556-1079|e557-1629|e557-2913|e557-3215|e558-567|e558-990|e558-1503|e558-2946|e559-1156|e559-1308|e559-1545|e559-2746|e560-1095|e560-1536|e560-1871|e560-3143|e561-968|e561-1097|e561-1466|e562-1053|e562-1639|e563-2420|e563-2989|e563-3080|e564-574|e564-579|e564-847|e564-2465|e565-582|e565-748|e566-585|e566-1093|e566-1463|e566-1601|e567-990|e567-3169|e568-572|e568-1081|e568-1110|e568-1606|e569-1041|e569-1525|e569-1901|e569-2448|e570-794|e570-845|e570-1066|e570-1585
Worker processing job packet.
Worker sent ready message for next job packet.
Worker received message: 92|18|v511|v512|v513|v514|v515|v516|v517|v518|v519|v520|v521|v522|v523|v524|v525|v526|v527|v528|v529|v530|v531|v532|v533|v534|v535|v536|v537|v538|v539|v540|e513-725|e513-897|e513-1269|e513-2105|e514-533|e514-537|e514-1684|e514-1770|e515-1252|e515-2633|e516-1643|e517-1282|e517-1455|e518-1078|e519-593|e519-821|e519-2657|e520-547|e520-804|e520-1279|e521-1509|e521-1510|e521-1512|e521-2068|e522-717|e522-1743|e524-720|e524-1743|e525-796|e525-2376|e525-2702|e525-2703|e527-2126|e528-861|e528-1673|e529-611|e529-2065|e529-2488|e529-2489|e530-658|e530-801|e530-2002|e531-657|e531-707|e532-834|e532-1505|e532-1707|e532-2078|e533-596|e533-1502|e533-1791|e534-1667|e534-1822|e534-2084|e534-2554|e535-589|e535-1258|e535-1664|e536-1766|e537-1344|e537-1684|e537-1770|e538-591|e538-2712|e539-1658|e539-2101|e539-2519|e539-2601|e540-2643|e540-2700
Worker processing job packet.
Worker sent ready message for next job packet.
Worker received message: 93|17|v481|v482|v483|v484|v485|v486|v487|v488|v489|v490|v491|v492|v493|v494|v495|v496|v497|v498|v499|v500|v501|v502|v503|v504|v505|v506|v507|v508|v509|v510|e482-892|e482-1439|e482-1807|e483-666|e483-888|e483-896|e484-1520|e485-519|e485-819|e485-1301|e485-1814|e486-875|e486-1394|e487-729|e487-911|e487-1655|e488-917|e488-1981|e489-524|e489-720|e489-874|e489-1678|e490-1284|e491-1688|e491-2051|e491-2074|e491-2542|e492-565|e493-2064|e494-516|e494-910|e494-2145|e495-606|e495-1092|e495-1131|e495-1140|e496-549|e496-852|e496-2636|e496-2687|e497-1272|e497-1991|e497-2690|e498-651|e498-734|e498-2266|e498-2291|e499-713|e499-1768|e499-2141|e499-2492|e501-1275|e501-1826|e501-2629|e503-857|e503-1675|e504-754|e504-2091|e504-2401|e504-2518|e505-1808|e505-1811|e506-2543|e507-763|e507-851|e508-620|e508-1340|e508-1682|e508-1775|e510-794|e510-838
Worker processing job packet.
Worker sent ready message for next job packet.
Worker received message: 94|16|v451|v452|v453|v454|v455|v456|v457|v458|v459|v460|v461|v462|v463|v464|v465|v466|v467|v468|v469|v470|v471|v472|v473|v474|v475|v476|v477|v478|v479|v480|e451-583|e451-1473|e451-1489|e451-2324|e451-2775|e452-1042|e452-1126|e452-1138|e452-1867|e452-1925|e453-567|e453-578|e453-1628|e453-2940|e453-3129|e454-473|e454-680|e455-563|e455-1461|e455-1604|e455-1615|e455-2440|e456-1533|e456-1584|e456-1603|e456-1763|e457-556|e457-1079|e457-1855|e458-465|e458-488|e458-747|e458-759|e458-917|e459-1778|e460-1659|e460-1660|e461-750|e462-527|e463-1334|e463-1827|e463-2061|e464-1575|e464-1881|e465-483|e465-747|e465-759|e466-467|e466-503|e467-503|e468-471|e468-472|e468-2094|e470-528|e470-544|e470-950|e471-472|e471-904|e472-904|e474-557|e474-1523|e474-2437|e474-2960|e475-492|e475-582|e475-748|e476-837|e476-1754|e476-1762|e476-1805|e477-487|e477-883|e477-1655|e477-1795|e479-2579|e480-590|e480-916|e480-2148|e480-2469
Worker processing job packet.
Worker sent ready message for next job packet.
Worker received message: 95|15|v421|v422|v423|v424|v425|v426|v427|v428|v429|v430|v431|v432|v433|v434|v435|v436|v437|v438|v439|v440|v441|v442|v443|v444|v445|v446|v447|v448|v449|v450|e421-460|e421-540|e421-789|e421-2095|e421-2549|e422-463|e422-526|e422-599|e422-1438|e423-520|e423-547|e423-1257|e424-2483|e424-2710|e424-2711|e424-2714|e425-913|e425-2587|e425-2662|e426-494|e426-910|e426-1795|e426-1816|e426-2686|e427-490|e427-979|e427-2616|e428-1061|e428-1436|e428-1695|e428-1705|e429-465|e429-488|e429-747|e429-759|e429-917|e431-432|e431-2550|e432-461|e433-527|e433-541|e433-551|e433-835|e434-527|e434-541|e434-551|e434-835|e435-469|e435-2578|e436-895|e436-1757|e436-1766|e437-484|e437-2529|e437-2654|e438-663|e438-1074|e438-1823|e438-2035|e439-1087|e439-1610|e439-2850|e440-606|e440-1092|e440-1131|e440-1140|e440-1288|e441-1484|e441-2338|e441-2506|e442-464|e442-526|e442-1683|e443-1250|e443-1915|e443-3063|e444-772|e444-3260|e445-550|e445-562|e445-1142|e445-1482|e445-3207|e446-1059|e446-1060|e446-1134|e446-1519|e446-1559|e447-884|e447-1389|e447-1495|e447-3235|e447-3255|e448-1106|e448-1481|e448-1588|e449-461|e449-750|e449-2116|e449-2515|e450-1935|e450-2803|e450-2985|e450-2993|e450-3019
Worker processing job packet.
Worker sent ready message for next job packet.
Worker received message: 96|14|v391|v392|v393|v394|v395|v396|v397|v398|v399|v400|v401|v402|v403|v404|v405|v406|v407|v408|v409|v410|v411|v412|v413|v414|v415|v416|v417|v418|v419|v420|e391-1208|e391-1391|e392-738|e392-797|e392-935|e392-1186|e393-794|e393-1247|e395-1219|e395-1967|e396-531|e396-707|e396-1188|e396-1387|e397-698|e397-999|e397-1250|e398-399|e398-624|e398-705|e398-810|e398-1199|e399-624|e399-705|e399-1983|e400-1174|e400-1398|e400-1997|e400-2279|e401-758|e401-1068|e401-1290|e401-2589|e401-2592|e402-1756|e403-459|e403-517|e403-762|e403-863|e404-543|e404-869|e404-1645|e404-1703|e404-2120|e405-413|e405-435|e405-828|e406-413|e406-506|e406-1979|e406-2527|e407-430|e407-687|e407-1690|e408-464|e408-626|e408-996|e409-746|e409-1285|e409-1714|e409-2362|e410-535|e410-1338|e410-2052|e410-2528|e410-2570|e411-618|e411-900|e411-1422|e411-1846|e411-2613|e413-2056|e414-493|e414-2582|e415-468|e415-471|e415-472|e415-1845|e415-2679|e416-468|e416-471|e416-472|e416-2641|e416-2671|e417-715|e417-1289|e417-1514|e418-432|e418-479|e418-719|e419-427|e419-716|e419-1024|e419-1302|e419-1679|e420-755|e420-868|e420-898|e420-1772
Worker processing job packet.
Worker sent ready message for next job packet.
Worker received message: 97|13|v361|v362|v363|v364|v365|v366|v367|v368|v369|v370|v371|v372|v373|v374|v375|v376|v377|v378|v379|v380|v381|v382|v383|v384|v385|v386|v387|v388|v389|v390|e361-690|e361-1011|e361-2205|e361-2242|e363-908|e363-963|e363-1024|e363-1218|e363-1411|e364-443|e366-380|e366-438|e366-660|e366-1074|e367-793|e368-661|e368-1727|e368-1756|e368-1863|e369-385|e369-776|e369-778|e369-784|e369-1197|e370-959|e370-1232|e371-372|e371-694|e371-1220|e372-694|e374-928|e374-1020|e375-641|e375-686|e376-1326|e377-378|e377-630|e377-682|e377-2023|e378-682|e378-1392|e378-1965|e379-767|e379-988|e380-631|e380-660|e380-663|e381-506|e381-1303|e381-1870|e382-645|e383-1246|e384-408|e384-608|e384-676|e385-776|e385-778|e385-784|e385-1197|e386-793|e386-1035|e386-1039|e387-788|e387-1349|e388-940|e388-1361|e388-1399|e389-693|e389-1006|e389-1021|e390-693|e390-1006|e390-2187
Worker processing job packet.
Worker sent ready message for next job packet.
Worker received message: 98|12|v331|v332|v333|v334|v335|v336|v337|v338|v339|v340|v341|v342|v343|v344|v345|v346|v347|v348|v349|v350|v351|v352|v353|v354|v355|v356|v357|v358|v359|v360|e331-427|e331-490|e331-591|e331-755|e331-868|e331-979|e332-457|e332-482|e332-556|e332-1190|e332-1533|e333-402|e333-1777|e333-1836|e333-1848|e334-407|e334-430|e334-462|e334-687|e334-1690|e335-1504|e335-1954|e335-2505|e335-2560|e336-588|e337-870|e337-1295|e337-1776|e337-1984|e338-373|e339-652|e339-924|e340-634|e341-460|e341-548|e341-627|e342-376|e342-1209|e343-995|e343-1206|e343-1379|e343-2020|e345-704|e345-946|e346-1483|e347-632|e347-2217|e348-366|e348-380|e348-631|e348-663|e350-1358|e350-1368|e350-2267|e350-2268|e351-931|e352-736|e352-978|e353-812|e354-882|e354-1697|e355-1401|e355-1467|e355-1468|e356-379|e356-1156|e356-1158|e356-1225|e357-397|e357-425|e357-913|e358-1914|e359-393|e359-850|e359-1117|e359-1247|e360-643|e360-968
Worker processing job packet.
Worker sent ready message for next job packet.
Worker received message: 99|11|v301|v302|v303|v304|v305|v306|v307|v308|v309|v310|v311|v312|v313|v314|v315|v316|v317|v318|v319|v320|v321|v322|v323|v324|v325|v326|v327|v328|v329|v330|e301-477|e301-1069|e301-1841|e301-2539|e301-2663|e302-316|e302-355|e302-511|e302-727|e302-1669|e302-1874|e303-746|e303-1278|e303-1435|e303-1710|e303-2593|e304-469|e304-619|e304-1505|e304-1740|e304-2590|e305-500|e305-607|e305-2085|e306-512|e306-2934|e307-1141|e307-1904|e307-3095|e308-454|e309-1522|e309-1926|e309-1937|e309-2336|e309-3023|e309-3236|e310-580|e310-603|e310-831|e310-1598|e310-1907|e310-2984|e311-571|e311-1102|e311-1103|e311-1104|e311-1941|e311-3173|e314-486|e314-873|e314-875|e314-891|e314-1630|e315-319|e315-418|e315-431|e315-432|e315-461|e315-1708|e316-511|e316-723|e316-841|e316-1669|e317-329|e317-330|e317-918|e317-1274|e317-2556|e318-357|e318-1654|e318-1715|e318-2510|e318-2713|e319-418|e319-431|e319-432|e319-479|e319-1708|e320-751|e320-2063|e321-824|e321-871|e321-1253|e321-1255|e321-1503|e321-2675|e322-522|e322-717|e322-1281|e322-1677|e322-1711|e323-507|e323-677|e323-829|e323-872|e323-876|e323-1644|e324-512|e324-888|e324-896|e324-2491|e324-2538|e325-605|e325-1077|e325-1650|e326-666|e326-2050|e326-2088|e326-2698|e326-2719|e326-2720|e327-329|e327-354|e327-852|e328-1739|e328-1801|e328-1803|e328-2115|e328-2526|e329-818|e329-2684|e330-515|e330-856|e330-1738
Worker processing job packet.
Worker sent ready message for next job packet.
Worker received message: 100|10|v271|v272|v273|v274|v275|v276|v277|v278|v279|v280|v281|v282|v283|v284|v285|v286|v287|v288|v289|v290|v291|v292|v293|v294|v295|v296|v297|v298|v299|v300|e271-371|e271-372|e271-694|e271-931|e272-975|e272-2231|e275-342|e275-376|e275-2045|e275-2258|e276-692|e276-975|e276-1395|e277-922|e277-1135|e277-1136|e277-1215|e277-1521|e277-1576|e278-815|e278-1201|e280-640|e280-703|e280-993|e281-285|e281-402|e281-923|e281-926|e281-927|e282-777|e282-933|e282-970|e282-1175|e282-2166|e282-2182|e283-344|e283-395|e283-2169|e284-299|e284-587|e284-919|e284-1437|e284-1990|e284-2537|e285-333|e285-402|e285-1287|e285-1642|e286-735|e286-845|e286-878|e286-1066|e286-1256|e286-1260|e287-304|e287-469|e287-506|e287-1671|e288-486|e288-873|e288-875|e288-891|e288-1630|e289-308|e289-437|e289-1101|e289-1608|e290-317|e290-522|e290-524|e290-720|e290-874|e290-1721|e291-430|e291-462|e291-841|e291-1273|e291-1752|e292-301|e292-1339|e292-1693|e292-1824|e292-2131|e292-2520|e293-603|e293-749|e293-831|e293-843|e293-981|e293-1977|e294-619|e294-858|e294-1686|e294-1791|e295-412|e295-478|e295-719|e295-2049|e295-2677|e296-502|e296-509|e297-336|e297-859|e298-703|e298-1309|e298-1329|e298-1384|e298-1413|e299-325|e299-424|e299-1075|e299-1971|e300-613|e300-753|e300-853|e300-1785
Worker processing job packet.
Worker sent ready message for next job packet.
Worker received message: 101|9|v241|v242|v243|v244|v245|v246|v247|v248|v249|v250|v251|v252|v253|v254|v255|v256|v257|v258|v259|v260|v261|v262|v263|v264|v265|v266|v267|v268|v269|v270|e241-345|e241-704|e241-946|e241-1109|e242-1312|e242-2007|e242-2015|e242-2031|e243-393|e243-701|e243-1162|e243-1192|e243-1359|e244-275|e244-278|e244-342|e244-2222|e245-272|e245-646|e245-922|e245-962|e246-247|e246-678|e246-864|e246-955|e246-1217|e247-678|e247-741|e247-864|e248-628|e249-275|e249-376|e249-814|e249-1428|e249-1433|e250-656|e250-1028|e251-254|e251-261|e251-305|e251-387|e251-788|e252-957|e252-1003|e253-382|e253-645|e254-387|e254-500|e254-788|e255-283|e255-344|e255-1324|e255-1376|e257-283|e257-344|e257-1324|e257-1376|e258-262|e258-265|e258-807|e258-1164|e259-530|e259-658|e259-933|e259-1185|e259-1238|e260-803|e260-948|e260-964|e260-1211|e261-811|e262-265|e262-276|e263-272|e263-646|e263-922|e263-962|e264-628|e265-807|e266-367|e268-352|e268-356|e268-379|e268-1020|e268-1234|e268-1407|e269-359|e269-393|e269-1130|e269-1143|e269-1865|e270-1184
Worker processing job packet.
Worker sent ready message for next job packet.
Worker received message: 102|8|v211|v212|v213|v214|v215|v216|v217|v218|v219|v220|v221|v222|v223|v224|v225|v226|v227|v228|v229|v230|v231|v232|v233|v234|v235|v236|v237|v238|v239|v240|e211-258|e211-265|e211-276|e211-807|e212-349|e213-214|e213-278|e213-638|e213-688|e213-966|e214-216|e214-799|e215-224|e215-256|e215-267|e216-389|e216-390|e216-629|e216-1242|e216-1371|e216-1420|e217-656|e218-240|e218-241|e218-704|e218-831|e218-887|e218-947|e218-1109|e219-1007|e221-233|e221-680|e222-1233|e223-261|e223-306|e223-500|e224-256|e224-267|e224-351|e224-623|e224-1236|e225-2003|e225-2014|e225-2174|e225-2209|e225-2213|e225-2243|e226-227|e226-280|e226-732|e226-809|e226-984|e226-1341|e226-2196|e227-245|e227-263|e227-382|e227-1165|e227-1360|e228-266|e228-673|e228-674|e228-1014|e229-1184|e229-1685|e230-985|e231-348|e231-350|e231-631|e231-660|e232-444|e232-607|e232-854|e232-1618|e233-783|e233-1091|e233-1403|e233-1534|e234-340|e235-373|e236-659|e236-1014|e237-789|e237-1246|e237-2241|e237-2246|e238-332|e238-991|e238-1190|e238-1307|e238-1400|e239-255|e239-257|e239-283|e239-344|e239-2021|e239-2305|e240-241|e240-345|e240-704|e240-947|e240-1447
Worker processing job packet.
Worker sent ready message for next job packet.
Worker received message: 103|7|v181|v182|v183|v184|v185|v186|v187|v188|v189|v190|v191|v192|v193|v194|v195|v196|v197|v198|v199|v200|v201|v202|v203|v204|v205|v206|v207|v208|v209|v210|e181-260|e181-654|e181-698|e181-1236|e181-1406|e181-2269|e181-2296|e182-209|e182-636|e182-1216|e183-697|e183-770|e183-961|e183-1030|e183-1411|e184-1009|e184-1031|e184-1359|e184-1397|e184-1956|e184-2245|e185-253|e185-344|e185-654|e185-1001|e185-1404|e186-790|e186-1189|e186-2152|e187-383|e187-681|e188-757|e188-2701|e189-349|e189-779|e189-960|e189-1183|e189-2198|e189-2299|e190-269|e190-1117|e190-1130|e190-1565|e190-1636|e190-2863|e190-3233|e191-443|e191-614|e191-999|e191-1909|e191-2323|e192-577|e192-1045|e192-1051|e192-1085|e192-1099|e192-1469|e192-1552|e193-459|e193-863|e194-422|e194-599|e194-1265|e194-1334|e194-1665|e194-1723|e195-1515|e195-2474|e196-199|e196-517|e196-672|e196-1830|e196-2111|e196-2685|e197-297|e197-336|e197-492|e197-748|e197-1381|e197-1474|e198-518|e198-523|e198-714|e198-727|e198-889|e198-1078|e198-1652|e199-403|e199-1282|e199-1455|e199-1709|e199-2647|e199-2653|e200-215|e200-256|e200-267|e200-351|e200-623|e200-2490|e201-724|e201-866|e201-1506|e201-1706|e201-2363|e201-2574|e201-2697|e202-312|e203-322|e203-717|e203-918|e203-1508|e203-1677|e203-2339|e203-2660|e204-320|e204-751|e205-337|e205-870|e205-1235|e206-303|e206-409|e206-621|e206-830|e206-1285|e206-1714|e206-2581|e207-341|e207-501|e207-548|e207-1275|e207-1731|e207-1826|e207-2588|e208-646|e208-648|e208-782|e208-998|e208-1321|e208-1382|e209-338|e209-636|e209-1148|e209-1216|e210-229|e210-944
Worker processing job packet.
Worker sent ready message for next job packet.
Worker received message: 104|6|v151|v152|v153|v154|v155|v156|v157|v158|v159|v160|v161|v162|v163|v164|v165|v166|v167|v168|v169|v170|v171|v172|v173|v174|v175|v176|v177|v178|v179|v180|e151-188|e151-217|e151-360|e151-757|e151-1086|e152-628|e152-783|e152-909|e153-179|e153-187|e153-313|e154-166|e154-1160|e154-1240|e154-1381|e154-1969|e154-2224|e155-289|e155-308|e155-454|e155-473|e155-484|e155-1101|e156-538|e156-610|e156-749|e156-843|e156-2466|e157-408|e157-442|e157-464|e157-526|e157-879|e157-1683|e158-297|e158-336|e158-470|e158-544|e158-588|e158-854|e158-2603|e159-168|e159-176|e159-202|e159-204|e159-312|e160-287|e160-294|e160-300|e160-469|e160-619|e160-858|e160-1687|e161-291|e161-430|e161-511|e161-1055|e161-1265|e161-1567|e161-1632|e161-1752|e162-335|e162-661|e162-722|e162-878|e162-1323|e162-1451|e162-2482|e162-2548|e163-334|e163-407|e163-540|e163-1071|e163-1713|e163-1719|e163-1834|e163-2365|e164-287|e164-294|e164-300|e164-469|e164-619|e164-858|e164-1687|e165-662|e165-752|e166-436|e166-800|e166-895|e166-1837|e166-1886|e167-183|e167-792|e167-998|e167-1003|e168-202|e168-204|e168-312|e168-412|e169-195|e169-680|e169-884|e169-901|e169-1704|e169-2366|e170-624|e170-705|e170-1198|e170-1398|e171-172|e171-327|e171-329|e171-354|e171-481|e171-1653|e171-1717|e172-175|e172-327|e172-330|e172-481|e172-856|e172-906|e173-433|e173-434|e173-462|e173-541|e173-835|e173-1662|e174-328|e174-335|e174-510|e174-594|e174-708|e174-722|e174-2108|e175-327|e175-329|e175-354|e175-481|e175-1653|e175-1717|e176-202|e176-204|e176-312|e177-272|e177-396|e177-707|e177-1383|e177-2212|e177-2233|e178-505|e178-1808|e179-237|e179-813|e179-1964|e180-273|e180-274|e180-279|e180-683|e180-684
Worker processing job packet.
Worker sent ready message for next job packet.
Worker received message: 105|5|v121|v122|v123|v124|v125|v126|v127|v128|v129|v130|v131|v132|v133|v134|v135|v136|v137|v138|v139|v140|v141|v142|v143|v144|v145|v146|v147|v148|v149|v150|e121-179|e121-212|e121-659|e121-1475|e122-144|e122-188|e122-217|e122-360|e122-428|e122-757|e122-1086|e123-330|e123-481|e123-515|e123-856|e123-882|e123-906|e123-970|e123-1274|e123-1780|e124-139|e124-234|e124-812|e125-141|e125-261|e125-318|e125-357|e125-397|e125-425|e125-913|e125-948|e126-177|e126-238|e126-456|e126-457|e126-507|e126-556|e126-787|e126-1065|e126-1079|e127-695|e127-1827|e128-270|e129-497|e129-919|e129-1448|e129-1987|e129-2467|e129-2468|e129-2500|e129-2596|e129-2670|e130-134|e130-730|e130-873|e130-1262|e130-1335|e130-1700|e130-2072|e130-2576|e131-141|e131-215|e131-256|e131-267|e131-351|e131-548|e131-623|e131-1682|e132-194|e132-316|e132-463|e132-526|e132-599|e132-953|e132-1064|e132-1438|e132-1528|e133-246|e133-247|e133-678|e133-864|e133-865|e133-1291|e133-1443|e133-1672|e133-2707|e134-157|e134-173|e134-288|e134-314|e134-608|e134-1261|e134-1691|e135-156|e135-406|e135-420|e135-591|e135-610|e135-914|e135-1302|e135-1450|e136-229|e136-391|e136-695|e137-368|e137-370|e137-661|e137-959|e137-2232|e138-377|e138-378|e138-630|e138-1174|e138-1206|e138-1304|e138-1373|e139-217|e139-234|e139-634|e139-652|e140-217|e140-230|e140-1325|e141-271|e141-935|e141-1407|e141-1412|e141-1927|e141-1932|e142-625|e142-665|e142-2228|e143-189|e143-2238|e144-151|e144-212|e144-349|e145-629|e145-930|e145-1022|e145-1027|e145-1348|e145-1374|e145-1410|e145-2219|e146-182|e146-235|e146-358|e146-365|e146-373|e147-211|e147-262|e147-265|e147-786|e147-808|e147-2218|e148-210|e148-219|e148-313|e149-182|e149-235|e149-358|e149-365|e149-1235|e150-221|e150-696
Worker processing job packet.
Worker sent ready message for next job packet.
Worker received message: 106|4|v91|v92|v93|v94|v95|v96|v97|v98|v99|v100|v101|v102|v103|v104|v105|v106|v107|v108|v109|v110|v111|v112|v113|v114|v115|v116|v117|v118|v119|v120|e91-98|e91-122|e91-151|e91-155|e91-169|e91-188|e91-454|e91-653|e91-1541|e92-128|e92-270|e93-214|e93-389|e93-390|e93-629|e93-711|e93-1242|e93-1322|e93-1371|e93-1420|e94-137|e94-178|e94-193|e94-195|e94-205|e94-296|e94-325|e94-417|e94-715|e95-136|e95-353|e95-1012|e95-1166|e95-1317|e95-2220|e95-2280|e96-188|e96-367|e96-386|e96-439|e96-536|e96-575|e96-611|e96-764|e96-1034|e97-113|e97-124|e97-152|e97-266|e97-783|e97-1248|e97-1403|e97-2139|e98-362|e98-561|e98-689|e98-1025|e98-1100|e98-1938|e99-193|e99-195|e99-232|e99-296|e99-509|e99-607|e99-1681|e99-2605|e100-156|e100-160|e100-164|e100-405|e100-413|e100-435|e100-466|e100-467|e100-1268|e101-102|e101-414|e101-459|e101-493|e101-718|e101-1802|e101-1972|e101-1976|e101-2146|e102-193|e102-459|e102-718|e102-1286|e102-2107|e102-2607|e102-2650|e102-2709|e103-341|e103-548|e103-608|e103-1657|e103-1659|e103-1737|e103-1834|e103-2531|e103-2615|e104-270|e105-215|e105-256|e105-267|e105-372|e105-623|e105-738|e105-931|e105-1412|e105-2216|e106-158|e106-370|e106-470|e106-528|e106-544|e106-587|e106-861|e106-949|e106-1010|e107-108|e107-109|e107-143|e107-148|e107-153|e107-313|e108-109|e108-117|e108-143|e108-219|e108-313|e108-685|e109-143|e109-148|e109-153|e110-178|e110-193|e110-195|e110-205|e110-234|e110-502|e110-1486|e111-146|e111-149|e111-209|e111-338|e111-373|e111-1013|e111-1028|e111-1229|e112-146|e112-149|e112-235|e112-365|e112-373|e112-1002|e112-1013|e112-2017|e113-124|e113-273|e113-274|e113-279|e113-656|e113-659|e113-985|e114-214|e114-278|e114-638|e114-688|e114-966|e114-1385|e114-2287|e115-118|e115-121|e115-144|e115-212|e115-349|e115-358|e116-244|e116-697|e116-802|e116-1193|e116-1222|e116-1251|e116-1346|e116-1425|e116-2256|e117-121|e117-383|e118-120|e118-144|e118-212|e118-307|e118-349|e118-1141|e118-1481|e119-266|e119-305|e119-367|e119-1106|e120-644|e120-671
Worker processing job packet.
Worker sent ready message for next job packet.
Worker received message: 107|3|v61|v62|v63|v64|v65|v66|v67|v68|v69|v70|v71|v72|v73|v74|v75|v76|v77|v78|v79|v80|v81|v82|v83|v84|v85|v86|v87|v88|v89|v90|e61-100|e61-135|e61-156|e61-381|e61-405|e61-413|e61-435|e61-466|e61-467|e61-490|e61-538|e62-76|e62-197|e62-261|e62-306|e62-448|e62-475|e62-492|e62-500|e62-565|e63-248|e63-264|e63-634|e63-800|e63-2155|e64-114|e64-213|e64-214|e64-374|e64-638|e64-769|e64-939|e64-967|e64-1016|e64-1362|e64-2158|e65-142|e65-150|e65-179|e65-187|e65-383|e65-696|e65-945|e65-2168|e65-2189|e65-2255|e66-167|e66-1000|e66-1151|e66-1363|e66-1432|e66-2204|e66-2229|e67-474|e67-553|e67-554|e67-620|e67-627|e67-939|e67-942|e67-1122|e67-1125|e67-1561|e67-1638|e68-74|e68-119|e68-236|e68-307|e68-364|e68-516|e68-644|e68-671|e68-964|e69-104|e69-124|e69-152|e69-210|e69-353|e69-813|e69-1155|e69-2008|e70-86|e70-98|e70-120|e70-636|e70-671|e70-689|e70-953|e70-1005|e70-1025|e70-1170|e71-117|e71-137|e71-146|e71-149|e71-209|e71-338|e71-636|e72-81|e72-231|e72-243|e72-654|e72-777|e72-810|e72-993|e72-1170|e72-1175|e72-1212|e72-2211|e73-381|e73-633|e73-662|e73-697|e73-771|e73-979|e73-992|e73-1238|e73-1999|e73-2156|e73-2186|e74-228|e74-708|e74-1180|e74-1389|e75-76|e75-90|e75-308|e75-473|e75-502|e75-509|e75-689|e75-773|e75-1299|e76-86|e76-120|e76-223|e76-297|e76-336|e76-444|e76-588|e76-854|e77-165|e77-253|e77-352|e77-371|e77-372|e77-379|e77-639|e77-1350|e77-1352|e77-1358|e78-147|e78-211|e78-258|e78-262|e78-276|e78-345|e78-388|e78-669|e78-700|e78-958|e79-159|e79-168|e79-176|e79-202|e79-204|e79-312|e79-320|e79-412|e79-478|e79-751|e80-546|e80-597|e80-1529|e80-1569|e80-1605|e80-1903|e80-2444|e80-2743|e80-2744|e80-2745|e80-3042|e81-167|e81-170|e81-395|e81-798|e81-969|e81-993|e81-1016|e81-1026|e81-1416|e81-2244|e82-281|e82-285|e82-333|e82-402|e82-510|e82-932|e82-987|e82-1287|e82-1646|e83-255|e83-257|e83-338|e83-779|e83-960|e83-1161|e83-1231|e83-1962|e83-1995|e83-2177|e84-105|e84-131|e84-200|e84-215|e84-224|e84-256|e84-267|e84-271|e84-351|e84-392|e85-225|e85-622|e85-674|e85-773|e85-923|e85-926|e85-927|e85-1231|e85-2252|e86-120|e86-121|e86-217|e86-653|e86-781|e87-108|e87-118|e87-140|e87-148|e87-219|e87-250|e87-1776|e88-244|e88-249|e88-259|e88-342|e88-343|e88-376|e88-801|e88-1209|e88-1428|e89-950|e90-119|e90-266|e90-297|e90-336|e90-362|e90-588|e90-1474
Worker processing job packet.
Worker sent ready message for next job packet.
Worker received message: 108|2|v31|v32|v33|v34|v35|v36|v37|v38|v39|v40|v41|v42|v43|v44|v45|v46|v47|v48|v49|v50|v51|v52|v53|v54|v55|v56|v57|v58|v59|v60|e31-32|e31-34|e31-38|e31-41|e31-44|e31-51|e31-128|e31-229|e31-650|e31-2301|e32-34|e32-41|e32-44|e32-45|e32-53|e32-89|e32-104|e32-136|e32-229|e32-358|e32-391|e32-650|e32-695|e32-1831|e33-74|e33-120|e33-140|e33-232|e33-706|e33-710|e33-941|e33-1203|e33-1228|e33-2028|e33-2274|e34-38|e34-41|e34-42|e34-44|e34-45|e34-53|e34-89|e34-92|e34-104|e34-127|e35-114|e35-184|e35-213|e35-214|e35-278|e35-361|e35-709|e35-769|e35-929|e35-943|e35-1009|e35-1011|e35-1213|e35-2215|e35-2307|e36-77|e36-185|e36-253|e36-382|e36-645|e36-649|e36-670|e36-780|e36-965|e36-973|e36-1026|e36-2009|e36-2040|e37-46|e37-48|e37-63|e37-74|e37-112|e37-235|e37-346|e37-364|e37-375|e37-436|e37-647|e37-800|e37-1612|e37-1821|e38-41|e38-42|e38-44|e38-45|e38-53|e38-92|e38-104|e38-127|e38-128|e39-61|e39-299|e39-441|e39-466|e39-467|e39-476|e39-728|e39-828|e39-1303|e39-1460|e39-1742|e39-1762|e39-1844|e39-2377|e40-59|e40-62|e40-98|e40-119|e40-125|e40-223|e40-251|e40-260|e40-811|e40-1944|e40-2282|e41-45|e41-51|e41-53|e41-89|e41-104|e41-650|e41-695|e42-44|e42-51|e42-92|e42-127|e42-128|e42-229|e43-231|e43-247|e43-666|e43-678|e43-952|e43-955|e43-1173|e43-1202|e43-1310|e43-1377|e43-1408|e43-2175|e43-2295|e44-45|e44-391|e44-394|e44-414|e44-523|e44-1025|e44-1929|e45-51|e45-92|e45-127|e45-128|e46-56|e46-166|e46-220|e46-665|e47-157|e47-191|e47-384|e47-430|e47-442|e47-511|e47-676|e47-879|e47-996|e47-1055|e47-1080|e48-56|e48-71|e48-117|e48-153|e48-737|e48-1351|e49-71|e49-111|e49-182|e49-365|e49-375|e49-641|e49-686|e49-781|e49-982|e49-983|e49-1249|e50-71|e50-111|e50-182|e50-365|e50-375|e50-641|e50-686|e50-781|e50-982|e50-983|e50-1249|e51-53|e51-63|e51-89|e51-104|e51-127|e51-136|e51-523|e52-68|e52-75|e52-97|e52-99|e52-110|e52-178|e52-205|e52-219|e52-296|e52-423|e52-934|e53-69|e53-92|e53-128|e53-270|e54-188|e54-367|e54-386|e54-439|e54-536|e54-575|e54-611|e54-764|e54-793|e54-1034|e54-1035|e55-74|e55-87|e55-95|e55-222|e55-656|e55-1405|e55-2011|e56-107|e56-109|e56-117|e56-143|e56-236|e56-313|e56-685|e57-91|e57-122|e57-151|e57-152|e57-155|e57-221|e57-289|e57-308|e57-437|e57-473|e57-484|e57-680|e58-150|e58-186|e58-222|e58-346|e58-625|e58-632|e58-696|e58-774|e58-790|e58-997|e58-2001|e59-62|e59-70|e59-223|e59-306|e59-324|e59-518|e59-714|e59-1078|e59-1176|e59-1228|e60-66|e60-165|e60-167|e60-252|e60-691|e60-929|e60-1000|e60-1017|e60-2041|e60-2188
Worker processing job packet.
Worker sent ready message for next job packet.
Worker received message: 109|1|v1|v2|v3|v4|v5|v6|v7|v8|v9|v10|v11|v12|v13|v14|v15|v16|v17|v18|v19|v20|v21|v22|v23|v24|v25|v26|v27|v28|v29|v30|e1-8|e1-14|e1-16|e1-18|e1-25|e1-31|e1-33|e1-41|e1-42|e1-45|e1-46|e1-48|e1-55|e1-58|e1-63|e1-65|e1-69|e1-74|e1-89|e1-95|e1-97|e1-107|e1-109|e1-115|e1-117|e1-140|e1-142|e1-144|e1-150|e1-153|e1-154|e1-179|e1-186|e1-187|e1-210|e1-212|e1-220|e1-221|e1-222|e1-230|e1-236|e1-237|e1-248|e1-250|e1-264|e1-270|e1-273|e1-274|e1-279|e1-347|e1-353|e1-360|e1-362|e1-383|e1-387|e1-394|e1-632|e1-635|e1-637|e1-643|e1-647|e1-653|e1-665|e1-676|e1-685|e1-706|e1-921|e1-924|e1-925|e1-938|e1-944|e1-971|e1-977|e1-1012|e1-1015|e1-1149|e1-1161|e1-1171|e1-1179|e1-1214|e1-1237|e1-1241|e1-1305|e1-1317|e1-1356|e1-1366|e1-1369|e1-1370|e1-1372|e1-1378|e1-1409|e1-1417|e1-1423|e1-1430|e1-1434|e1-1968|e1-2154|e1-2183|e1-2206|e2-36|e2-88|e2-93|e2-138|e2-165|e2-183|e2-185|e2-253|e2-399|e2-531|e2-630|e2-639|e2-690|e2-700|e2-705|e2-775|e2-929|e2-956|e2-972|e2-984|e2-1003|e2-1026|e2-1168|e2-1169|e2-1182|e2-1196|e2-1198|e2-1200|e2-1234|e2-1304|e2-1342|e2-1350|e2-1352|e2-1364|e2-1380|e2-1418|e2-2012|e2-2047|e2-2151|e2-2163|e2-2173|e2-2197|e2-2199|e2-2200|e2-2227|e2-2236|e2-2262|e2-2264|e2-2265|e2-2300|e2-2309|e3-4|e3-8|e3-16|e3-18|e3-25|e3-46|e3-48|e3-55|e3-56|e3-107|e3-115|e3-140|e3-142|e3-144|e3-148|e3-150|e3-154|e3-210|e3-212|e3-219|e3-220|e3-230|e3-250|e3-273|e3-274|e3-279|e3-346|e3-347|e3-625|e3-684|e3-921|e3-944|e3-977|e3-1002|e3-1325|e4-8|e4-16|e4-18|e4-25|e4-33|e4-46|e4-48|e4-87|e4-107|e4-108|e4-109|e4-140|e4-148|e4-150|e4-187|e4-220|e4-221|e4-222|e4-230|e4-273|e4-274|e4-279|e4-313|e4-346|e4-347|e4-635|e4-643|e4-653|e4-684|e4-685|e4-774|e4-924|e4-1241|e5-8|e5-18|e5-21|e5-31|e5-34|e5-38|e5-42|e5-45|e5-53|e5-55|e5-63|e5-87|e5-89|e5-95|e5-104|e5-109|e5-152|e5-217|e5-222|e5-248|e5-250|e5-264|e5-340|e5-628|e5-813|e5-1002|e5-1305|e5-1356|e5-1369|e5-1370|e6-8|e6-15|e6-17|e6-24|e6-49|e6-50|e6-52|e6-74|e6-86|e6-94|e6-120|e6-121|e6-228|e6-233|e6-236|e6-307|e6-337|e6-364|e6-423|e6-516|e6-542|e6-547|e6-614|e6-644|e6-671|e6-964|e6-1014|e6-1050|e6-1279|e7-18|e7-31|e7-33|e7-89|e7-92|e7-109|e7-115|e7-117|e7-150|e7-180|e7-186|e7-220|e7-221|e7-235|e7-266|e7-362|e7-394|e7-512|e7-635|e7-659|e7-683|e7-938|e7-985|e7-997|e7-1148|e7-1409|e7-1426|e7-1913|e8-9|e8-14|e8-21|e8-22|e8-40|e8-44|e8-51|e8-76|e8-113|e8-121|e8-124|e8-136|e8-139|e8-152|e8-210|e8-220|e8-248|e8-261|e8-264|e8-339|e8-1248|e8-2184|e9-15|e9-33|e9-40|e9-62|e9-74|e9-90|e9-119|e9-223|e9-254|e9-305|e9-306|e9-444|e9-448|e9-475|e9-518|e9-582|e9-607|e9-714|e9-861|e9-1106|e9-1137|e9-1589|e10-11|e10-36|e10-208|e10-245|e10-263|e10-272|e10-280|e10-352|e10-382|e10-645|e10-649|e10-657|e10-664|e10-670|e10-712|e10-780|e10-937|e10-965|e10-1316|e10-1328|e10-1395|e10-1963|e10-2191|e11-78|e11-147|e11-211|e11-242|e11-262|e11-265|e11-388|e11-664|e11-692|e11-766|e11-808|e11-937|e11-940|e11-972|e11-975|e11-989|e11-1164|e11-1306|e11-1319|e11-1320|e11-2005|e12-21|e12-22|e12-25|e12-34|e12-38|e12-42|e12-46|e12-55|e12-92|e12-124|e12-128|e12-139|e12-234|e12-339|e12-340|e12-394|e12-512|e12-647|e12-1233|e12-1796|e12-1936|e13-20|e13-159|e13-168|e13-176|e13-202|e13-320|e13-412|e13-431|e13-449|e13-478|e13-479|e13-855|e13-1668|e13-1694|e13-1755|e13-1840|e13-2053|e13-2054|e13-2340|e13-2413|e13-2569|e14-46|e14-55|e14-63|e14-69|e14-124|e14-139|e14-143|e14-222|e14-234|e14-248|e14-264|e14-339|e14-340|e14-353|e14-394|e14-637|e14-652|e14-1958|e15-17|e15-24|e15-54|e15-82|e15-85|e15-96|e15-106|e15-110|e15-119|e15-137|e15-370|e15-932|e15-950|e15-959|e15-1232|e15-2289|e15-2298|e16-18|e16-25|e16-46|e16-48|e16-142|e16-180|e16-186|e16-187|e16-230|e16-273|e16-274|e16-279|e16-362|e16-684|e16-977|e16-1419|e17-86|e17-90|e17-99|e17-120|e17-178|e17-193|e17-195|e17-205|e17-296|e17-325|e17-417|e17-502|e17-509|e17-689|e17-715|e17-934|e18-25|e18-37|e18-56|e18-71|e18-86|e18-108|e18-143|e18-153|e18-737|e18-1007|e18-1351|e18-2308|e19-196|e19-441|e19-605|e19-892|e19-1077|e19-1280|e19-1298|e19-1484|e19-1742|e19-1765|e19-2367|e19-2380|e19-2470|e19-2471|e19-2511|e19-2640|e19-2676|e20-79|e20-159|e20-168|e20-176|e20-202|e20-204|e20-295|e20-312|e20-320|e20-412|e20-461|e20-478|e20-719|e20-750|e20-1668|e20-1694|e21-31|e21-34|e21-38|e21-41|e21-42|e21-45|e21-53|e21-89|e21-92|e21-104|e21-127|e21-128|e21-414|e21-650|e22-31|e22-38|e22-41|e22-42|e22-45|e22-53|e22-63|e22-89|e22-101|e22-102|e22-104|e22-127|e22-136|e22-493|e22-523|e23-227|e23-280|e23-298|e23-640|e23-648|e23-668|e23-732|e23-806|e23-809|e23-954|e23-1384|e23-1998|e23-2029|e23-2240|e23-2272|e23-2277|e24-68|e24-75|e24-110|e24-178|e24-191|e24-308|e24-473|e24-505|e24-536|e24-542|e24-773|e24-1050|e24-1054|e24-1435|e25-46|e25-48|e25-56|e25-117|e25-142|e25-166|e25-219|e25-220|e25-635|e25-665|e26-60|e26-66|e26-165|e26-170|e26-252|e26-374|e26-629|e26-792|e26-930|e26-947|e26-957|e26-1018|e26-1021|e26-1429|e26-1946|e26-2179|e27-28|e27-60|e27-66|e27-165|e27-170|e27-242|e27-252|e27-374|e27-400|e27-711|e27-930|e27-957|e27-1027|e27-1221|e27-1432|e27-2190|e28-66|e28-165|e28-167|e28-252|e28-395|e28-711|e28-770|e28-792|e28-1019|e28-1313|e28-1390|e28-1393|e28-1429|e28-2019|e28-2024|e29-47|e29-103|e29-130|e29-134|e29-384|e29-460|e29-462|e29-602|e29-687|e29-761|e29-1261|e29-1262|e29-1264|e29-1335|e29-2093|e29-2147|e30-40|e30-59|e30-98|e30-228|e30-254|e30-355|e30-364|e30-953|e30-1008|e30-1176|e30-1204|e30-1205|e30-1223|e30-1316|e30-1401
Worker processing job packet.
Worker sent ready message for next job packet.
Worker received message: terminate
Terminate signal received. Finishing current tasks.
Worker terminating.
slurmstepd-cs-cloud-01: error: *** JOB 164708 ON cs-cloud-01 CANCELLED AT 2023-12-07T18:46:04 DUE TO TIME LIMIT ***
worker: /usr/include/zmq.hpp:406: zmq::context_t::~context_t(): Assertion `rc == 0' failed.
