Worker ID 1 processing packet:
  Task ID: 109
  Vertices: 3241 3242 3243 3244 3245 3246 3247 3248 3249 3250 3251 3252 3253 3254 3255 3256 3257 3258 3259 3260 3261 3262 3263 3264
  Edges: (3245,3246)
Worker ID 2 processing packet:
  Task ID: 108
  Vertices: 3211 3212 3213 3214 3215 3216 3217 3218 3219 3220 3221 3222 3223 3224 3225 3226 3227 3228 3229 3230 3231 3232 3233 3234 3235 3236 3237 3238 3239 3240
  Edges: (3234,3249)
Worker ID 3 processing packet:
  Task ID: 107
  Vertices: 3181 3182 3183 3184 3185 3186 3187 3188 3189 3190 3191 3192 3193 3194 3195 3196 3197 3198 3199 3200 3201 3202 3203 3204 3205 3206 3207 3208 3209 3210
  Edges: (3185,3195) (3192,3193) (3205,3251)
Worker ID 4 processing packet:
  Task ID: 106
  Vertices: 3151 3152 3153 3154 3155 3156 3157 3158 3159 3160 3161 3162 3163 3164 3165 3166 3167 3168 3169 3170 3171 3172 3173 3174 3175 3176 3177 3178 3179 3180
  Edges: (3151,3152) (3161,3162) (3164,3165) (3167,3168)
Worker ID 5 processing packet:
  Task ID: 105
  Vertices: 3121 3122 3123 3124 3125 3126 3127 3128 3129 3130 3131 3132 3133 3134 3135 3136 3137 3138 3139 3140 3141 3142 3143 3144 3145 3146 3147 3148 3149 3150
  Edges: (3140,3175) (3141,3142)
Worker ID 6 processing packet:
  Task ID: 104
  Vertices: 3091 3092 3093 3094 3095 3096 3097 3098 3099 3100 3101 3102 3103 3104 3105 3106 3107 3108 3109 3110 3111 3112 3113 3114 3115 3116 3117 3118 3119 3120
  Edges: (3091,3092) (3093,3094) (3096,3097) (3109,3189) (3110,3112) (3111,3180) (3114,3115) (3116,3206) (3117,3118)
Worker ID 7 processing packet:
  Task ID: 103
  Vertices: 3061 3062 3063 3064 3065 3066 3067 3068 3069 3070 3071 3072 3073 3074 3075 3076 3077 3078 3079 3080 3081 3082 3083 3084 3085 3086 3087 3088 3089 3090
  Edges: (3075,3076) (3081,3082) (3090,3203)
Worker ID 8 processing packet:
  Task ID: 102
  Vertices: 3031 3032 3033 3034 3035 3036 3037 3038 3039 3040 3041 3042 3043 3044 3045 3046 3047 3048 3049 3050 3051 3052 3053 3054 3055 3056 3057 3058 3059 3060
  Edges: (3036,3048) (3038,3070) (3039,3201) (3043,3135) (3045,3160) (3046,3181) (3047,3243) (3052,3055) (3058,3163)
Worker ID 9 processing packet:
  Task ID: 101
  Vertices: 3001 3002 3003 3004 3005 3006 3007 3008 3009 3010 3011 3012 3013 3014 3015 3016 3017 3018 3019 3020 3021 3022 3023 3024 3025 3026 3027 3028 3029 3030
  Edges: (3004,3200) (3005,3060) (3007,3103) (3014,3258) (3021,3199) (3026,3238) (3027,3035)
Worker ID 10 processing packet:
  Task ID: 100
  Vertices: 2971 2972 2973 2974 2975 2976 2977 2978 2979 2980 2981 2982 2983 2984 2985 2986 2987 2988 2989 2990 2991 2992 2993 2994 2995 2996 2997 2998 2999 3000
  Edges: (2973,3157) (2979,3050) (2986,3232) (2990,3029)
Worker ID 11 processing packet:
  Task ID: 99
  Vertices: 2941 2942 2943 2944 2945 2946 2947 2948 2949 2950 2951 2952 2953 2954 2955 2956 2957 2958 2959 2960 2961 2962 2963 2964 2965 2966 2967 2968 2969 2970
  Edges: (2945,3113) (2953,3062) (2957,3184) (2963,3003) (2969,3107)
Worker ID 12 processing packet:
  Task ID: 98
  Vertices: 2911 2912 2913 2914 2915 2916 2917 2918 2919 2920 2921 2922 2923 2924 2925 2926 2927 2928 2929 2930 2931 2932 2933 2934 2935 2936 2937 2938 2939 2940
  Edges: (2912,3000) (2915,2931) (2916,2952) (2918,3137) (2919,2970) (2921,3198) (2922,3033) (2925,2942) (2926,2927) (2935,3054)
Worker ID 13 processing packet:
  Task ID: 97
  Vertices: 2881 2882 2883 2884 2885 2886 2887 2888 2889 2890 2891 2892 2893 2894 2895 2896 2897 2898 2899 2900 2901 2902 2903 2904 2905 2906 2907 2908 2909 2910
  Edges: (2882,2933) (2888,3077) (2898,2899) (2901,3032) (2903,3002) (2904,2905) (2907,3099) (2909,2910)
Worker ID 14 processing packet:
  Task ID: 96
  Vertices: 2851 2852 2853 2854 2855 2856 2857 2858 2859 2860 2861 2862 2863 2864 2865 2866 2867 2868 2869 2870 2871 2872 2873 2874 2875 2876 2877 2878 2879 2880
  Edges: (2854,3031) (2855,2861) (2856,3028) (2858,3018) (2859,3174) (2860,2950) (2867,2881) (2877,3034)
Worker ID 15 processing packet:
  Task ID: 95
  Vertices: 2821 2822 2823 2824 2825 2826 2827 2828 2829 2830 2831 2832 2833 2834 2835 2836 2837 2838 2839 2840 2841 2842 2843 2844 2845 2846 2847 2848 2849 2850
  Edges: (2821,3009) (2822,2941) (2824,2825) (2826,3122) (2828,2891) (2829,2851) (2830,3219) (2833,2853) (2835,3213) (2836,2937) (2838,3088) (2843,2893) (2846,3139) (2848,2849)
Worker ID 16 processing packet:
  Task ID: 94
  Vertices: 2791 2792 2793 2794 2795 2796 2797 2798 2799 2800 2801 2802 2803 2804 2805 2806 2807 2808 2809 2810 2811 2812 2813 2814 2815 2816 2817 2818 2819 2820
  Edges: (2792,3242) (2794,3087) (2795,3086) (2796,3237) (2798,3254) (2800,3067) (2802,2816) (2804,3006) (2805,3194) (2806,3179) (2810,2906) (2812,2813) (2818,3065)
Worker ID 17 processing packet:
  Task ID: 93
  Vertices: 2761 2762 2763 2764 2765 2766 2767 2768 2769 2770 2771 2772 2773 2774 2775 2776 2777 2778 2779 2780 2781 2782 2783 2784 2785 2786 2787 2788 2789 2790
  Edges: (2761,3084) (2764,3016) (2768,2943) (2769,2770) (2771,2814) (2772,3105) (2776,3136) (2779,3068) (2783,2789) (2785,3066)
Worker ID 18 processing packet:
  Task ID: 92
  Vertices: 2731 2732 2733 2734 2735 2736 2737 2738 2739 2740 2741 2742 2743 2744 2745 2746 2747 2748 2749 2750 2751 2752 2753 2754 2755 2756 2757 2758 2759 2760
  Edges: (2731,2732) (2733,3186) (2734,2965) (2735,3228) (2736,3214) (2737,2767) (2738,2955) (2739,3053) (2740,2884) (2747,3190) (2749,3056) (2751,3211) (2752,2773) (2755,2756) (2759,2823)
Worker ID 19 processing packet:
  Task ID: 91
  Vertices: 2701 2702 2703 2704 2705 2706 2707 2708 2709 2710 2711 2712 2713 2714 2715 2716 2717 2718 2719 2720 2721 2722 2723 2724 2725 2726 2727 2728 2729 2730
  Edges: (2704,2705) (2715,2716) (2726,2727) (2728,2978) (2729,2914) (2730,3244)
Worker ID 20 processing packet:
  Task ID: 90
  Vertices: 2671 2672 2673 2674 2675 2676 2677 2678 2679 2680 2681 2682 2683 2684 2685 2686 2687 2688 2689 2690 2691 2692 2693 2694 2695 2696 2697 2698 2699 2700
  Edges: (2692,2694)
Worker ID 21 processing packet:
  Task ID: 89
  Vertices: 2641 2642 2643 2644 2645 2646 2647 2648 2649 2650 2651 2652 2653 2654 2655 2656 2657 2658 2659 2660 2661 2662 2663 2664 2665 2666 2667 2668 2669 2670
  Edges: (2646,2693) (2648,2649)
Worker ID 22 processing packet:
  Task ID: 88
  Vertices: 2611 2612 2613 2614 2615 2616 2617 2618 2619 2620 2621 2622 2623 2624 2625 2626 2627 2628 2629 2630 2631 2632 2633 2634 2635 2636 2637 2638 2639 2640
  Edges: (2612,2623) (2617,2717)
Worker ID 23 processing packet:
  Task ID: 87
  Vertices: 2581 2582 2583 2584 2585 2586 2587 2588 2589 2590 2591 2592 2593 2594 2595 2596 2597 2598 2599 2600 2601 2602 2603 2604 2605 2606 2607 2608 2609 2610
  Edges: (2597,2680) (2598,2599) (2610,2611)
Worker ID 24 processing packet:
  Task ID: 86
  Vertices: 2551 2552 2553 2554 2555 2556 2557 2558 2559 2560 2561 2562 2563 2564 2565 2566 2567 2568 2569 2570 2571 2572 2573 2574 2575 2576 2577 2578 2579 2580
  Edges: (2551,2552) (2562,2661) (2575,2637)
Worker ID 25 processing packet:
  Task ID: 85
  Vertices: 2521 2522 2523 2524 2525 2526 2527 2528 2529 2530 2531 2532 2533 2534 2535 2536 2537 2538 2539 2540 2541 2542 2543 2544 2545 2546 2547 2548 2549 2550
  Edges: (2533,2699) (2535,2721)
Worker ID 26 processing packet:
  Task ID: 84
  Vertices: 2491 2492 2493 2494 2495 2496 2497 2498 2499 2500 2501 2502 2503 2504 2505 2506 2507 2508 2509 2510 2511 2512 2513 2514 2515 2516 2517 2518 2519 2520
  Edges: (2493,2522) (2499,2502) (2503,2504)
