Worker ID 1 processing packet:
  Task ID: 109
  Vertices: 3241 3242 3243 3244 3245 3246 3247 3248 3249 3250 3251 3252 3253 3254 3255 3256 3257 3258 3259 3260 3261 3262 3263 3264
  Edges: (3245,3246)
Worker ID 2 processing packet:
  Task ID: 108
  Vertices: 3211 3212 3213 3214 3215 3216 3217 3218 3219 3220 3221 3222 3223 3224 3225 3226 3227 3228 3229 3230 3231 3232 3233 3234 3235 3236 3237 3238 3239 3240
  Edges: (3234,3249)
Worker ID 3 processing packet:
  Task ID: 107
  Vertices: 3181 3182 3183 3184 3185 3186 3187 3188 3189 3190 3191 3192 3193 3194 3195 3196 3197 3198 3199 3200 3201 3202 3203 3204 3205 3206 3207 3208 3209 3210
  Edges: (3185,3195) (3192,3193) (3205,3251)
Worker ID 4 processing packet:
  Task ID: 106
  Vertices: 3151 3152 3153 3154 3155 3156 3157 3158 3159 3160 3161 3162 3163 3164 3165 3166 3167 3168 3169 3170 3171 3172 3173 3174 3175 3176 3177 3178 3179 3180
  Edges: (3151,3152) (3161,3162) (3164,3165) (3167,3168)
Worker ID 5 processing packet:
  Task ID: 105
  Vertices: 3121 3122 3123 3124 3125 3126 3127 3128 3129 3130 3131 3132 3133 3134 3135 3136 3137 3138 3139 3140 3141 3142 3143 3144 3145 3146 3147 3148 3149 3150
  Edges: (3140,3175) (3141,3142)
Worker ID 6 processing packet:
  Task ID: 104
  Vertices: 3091 3092 3093 3094 3095 3096 3097 3098 3099 3100 3101 3102 3103 3104 3105 3106 3107 3108 3109 3110 3111 3112 3113 3114 3115 3116 3117 3118 3119 3120
  Edges: (3091,3092) (3093,3094) (3096,3097) (3109,3189) (3110,3112) (3111,3180) (3114,3115) (3116,3206) (3117,3118)
Worker ID 7 processing packet:
  Task ID: 103
  Vertices: 3061 3062 3063 3064 3065 3066 3067 3068 3069 3070 3071 3072 3073 3074 3075 3076 3077 3078 3079 3080 3081 3082 3083 3084 3085 3086 3087 3088 3089 3090
  Edges: (3075,3076) (3081,3082) (3090,3203)
Worker ID 8 processing packet:
  Task ID: 102
  Vertices: 3031 3032 3033 3034 3035 3036 3037 3038 3039 3040 3041 3042 3043 3044 3045 3046 3047 3048 3049 3050 3051 3052 3053 3054 3055 3056 3057 3058 3059 3060
  Edges: (3036,3048) (3038,3070) (3039,3201) (3043,3135) (3045,3160) (3046,3181) (3047,3243) (3052,3055) (3058,3163)
Worker ID 9 processing packet:
  Task ID: 101
  Vertices: 3001 3002 3003 3004 3005 3006 3007 3008 3009 3010 3011 3012 3013 3014 3015 3016 3017 3018 3019 3020 3021 3022 3023 3024 3025 3026 3027 3028 3029 3030
  Edges: (3004,3200) (3005,3060) (3007,3103) (3014,3258) (3021,3199) (3026,3238) (3027,3035)
Worker ID 10 processing packet:
  Task ID: 100
  Vertices: 2971 2972 2973 2974 2975 2976 2977 2978 2979 2980 2981 2982 2983 2984 2985 2986 2987 2988 2989 2990 2991 2992 2993 2994 2995 2996 2997 2998 2999 3000
  Edges: (2973,3157) (2979,3050) (2986,3232) (2990,3029)
Worker ID 11 processing packet:
  Task ID: 99
  Vertices: 2941 2942 2943 2944 2945 2946 2947 2948 2949 2950 2951 2952 2953 2954 2955 2956 2957 2958 2959 2960 2961 2962 2963 2964 2965 2966 2967 2968 2969 2970
  Edges: (2945,3113) (2953,3062) (2957,3184) (2963,3003) (2969,3107)
Worker ID 12 processing packet:
  Task ID: 98
  Vertices: 2911 2912 2913 2914 2915 2916 2917 2918 2919 2920 2921 2922 2923 2924 2925 2926 2927 2928 2929 2930 2931 2932 2933 2934 2935 2936 2937 2938 2939 2940
  Edges: (2912,3000) (2915,2931) (2916,2952) (2918,3137) (2919,2970) (2921,3198) (2922,3033) (2925,2942) (2926,2927) (2935,3054)
Worker ID 13 processing packet:
  Task ID: 97
  Vertices: 2881 2882 2883 2884 2885 2886 2887 2888 2889 2890 2891 2892 2893 2894 2895 2896 2897 2898 2899 2900 2901 2902 2903 2904 2905 2906 2907 2908 2909 2910
  Edges: (2882,2933) (2888,3077) (2898,2899) (2901,3032) (2903,3002) (2904,2905) (2907,3099) (2909,2910)
Worker ID 14 processing packet:
  Task ID: 96
  Vertices: 2851 2852 2853 2854 2855 2856 2857 2858 2859 2860 2861 2862 2863 2864 2865 2866 2867 2868 2869 2870 2871 2872 2873 2874 2875 2876 2877 2878 2879 2880
  Edges: (2854,3031) (2855,2861) (2856,3028) (2858,3018) (2859,3174) (2860,2950) (2867,2881) (2877,3034)
Worker ID 15 processing packet:
  Task ID: 95
  Vertices: 2821 2822 2823 2824 2825 2826 2827 2828 2829 2830 2831 2832 2833 2834 2835 2836 2837 2838 2839 2840 2841 2842 2843 2844 2845 2846 2847 2848 2849 2850
  Edges: (2821,3009) (2822,2941) (2824,2825) (2826,3122) (2828,2891) (2829,2851) (2830,3219) (2833,2853) (2835,3213) (2836,2937) (2838,3088) (2843,2893) (2846,3139) (2848,2849)
Worker ID 16 processing packet:
  Task ID: 94
  Vertices: 2791 2792 2793 2794 2795 2796 2797 2798 2799 2800 2801 2802 2803 2804 2805 2806 2807 2808 2809 2810 2811 2812 2813 2814 2815 2816 2817 2818 2819 2820
  Edges: (2792,3242) (2794,3087) (2795,3086) (2796,3237) (2798,3254) (2800,3067) (2802,2816) (2804,3006) (2805,3194) (2806,3179) (2810,2906) (2812,2813) (2818,3065)
Worker ID 17 processing packet:
  Task ID: 93
  Vertices: 2761 2762 2763 2764 2765 2766 2767 2768 2769 2770 2771 2772 2773 2774 2775 2776 2777 2778 2779 2780 2781 2782 2783 2784 2785 2786 2787 2788 2789 2790
  Edges: (2761,3084) (2764,3016) (2768,2943) (2769,2770) (2771,2814) (2772,3105) (2776,3136) (2779,3068) (2783,2789) (2785,3066)
Worker ID 18 processing packet:
  Task ID: 92
  Vertices: 2731 2732 2733 2734 2735 2736 2737 2738 2739 2740 2741 2742 2743 2744 2745 2746 2747 2748 2749 2750 2751 2752 2753 2754 2755 2756 2757 2758 2759 2760
  Edges: (2731,2732) (2733,3186) (2734,2965) (2735,3228) (2736,3214) (2737,2767) (2738,2955) (2739,3053) (2740,2884) (2747,3190) (2749,3056) (2751,3211) (2752,2773) (2755,2756) (2759,2823)
Worker ID 19 processing packet:
  Task ID: 91
  Vertices: 2701 2702 2703 2704 2705 2706 2707 2708 2709 2710 2711 2712 2713 2714 2715 2716 2717 2718 2719 2720 2721 2722 2723 2724 2725 2726 2727 2728 2729 2730
  Edges: (2704,2705) (2715,2716) (2726,2727) (2728,2978) (2729,2914) (2730,3244)
Worker ID 20 processing packet:
  Task ID: 90
  Vertices: 2671 2672 2673 2674 2675 2676 2677 2678 2679 2680 2681 2682 2683 2684 2685 2686 2687 2688 2689 2690 2691 2692 2693 2694 2695 2696 2697 2698 2699 2700
  Edges: (2692,2694)
Worker ID 21 processing packet:
  Task ID: 89
  Vertices: 2641 2642 2643 2644 2645 2646 2647 2648 2649 2650 2651 2652 2653 2654 2655 2656 2657 2658 2659 2660 2661 2662 2663 2664 2665 2666 2667 2668 2669 2670
  Edges: (2646,2693) (2648,2649)
Worker ID 22 processing packet:
  Task ID: 88
  Vertices: 2611 2612 2613 2614 2615 2616 2617 2618 2619 2620 2621 2622 2623 2624 2625 2626 2627 2628 2629 2630 2631 2632 2633 2634 2635 2636 2637 2638 2639 2640
  Edges: (2612,2623) (2617,2717)
Worker ID 23 processing packet:
  Task ID: 87
  Vertices: 2581 2582 2583 2584 2585 2586 2587 2588 2589 2590 2591 2592 2593 2594 2595 2596 2597 2598 2599 2600 2601 2602 2603 2604 2605 2606 2607 2608 2609 2610
  Edges: (2597,2680) (2598,2599) (2610,2611)
Worker ID 24 processing packet:
  Task ID: 86
  Vertices: 2551 2552 2553 2554 2555 2556 2557 2558 2559 2560 2561 2562 2563 2564 2565 2566 2567 2568 2569 2570 2571 2572 2573 2574 2575 2576 2577 2578 2579 2580
  Edges: (2551,2552) (2562,2661) (2575,2637)
Worker ID 25 processing packet:
  Task ID: 85
  Vertices: 2521 2522 2523 2524 2525 2526 2527 2528 2529 2530 2531 2532 2533 2534 2535 2536 2537 2538 2539 2540 2541 2542 2543 2544 2545 2546 2547 2548 2549 2550
  Edges: (2533,2699) (2535,2721)
Worker ID 26 processing packet:
  Task ID: 84
  Vertices: 2491 2492 2493 2494 2495 2496 2497 2498 2499 2500 2501 2502 2503 2504 2505 2506 2507 2508 2509 2510 2511 2512 2513 2514 2515 2516 2517 2518 2519 2520
  Edges: (2493,2522) (2499,2502) (2503,2504)
Worker ID 27 processing packet:
  Task ID: 83
  Vertices: 2461 2462 2463 2464 2465 2466 2467 2468 2469 2470 2471 2472 2473 2474 2475 2476 2477 2478 2479 2480 2481 2482 2483 2484 2485 2486 2487 2488 2489 2490
  Edges:
Worker ID 28 processing packet:
  Task ID: 82
  Vertices: 2431 2432 2433 2434 2435 2436 2437 2438 2439 2440 2441 2442 2443 2444 2445 2446 2447 2448 2449 2450 2451 2452 2453 2454 2455 2456 2457 2458 2459 2460
  Edges: (2431,2781) (2432,3197) (2435,3132) (2436,2962) (2439,2656) (2442,3017) (2443,2938) (2446,3124) (2450,3148) (2454,2868) (2455,2820) (2457,3171) (2458,2897)
Worker ID 29 processing packet:
  Task ID: 81
  Vertices: 2401 2402 2403 2404 2405 2406 2407 2408 2409 2410 2411 2412 2413 2414 2415 2416 2417 2418 2419 2420 2421 2422 2423 2424 2425 2426 2427 2428 2429 2430
  Edges: (2402,2782) (2405,2445) (2407,2786) (2408,2463) (2409,2865) (2414,2862) (2416,2956) (2418,3100) (2419,2924) (2421,2908) (2423,3212) (2425,2864) (2426,3182) (2428,3024) (2429,3239)
Worker ID 30 processing packet:
  Task ID: 80
  Vertices: 2371 2372 2373 2374 2375 2376 2377 2378 2379 2380 2381 2382 2383 2384 2385 2386 2387 2388 2389 2390 2391 2392 2393 2394 2395 2396 2397 2398 2399 2400
  Edges: (2379,2475) (2383,2384) (2386,2600) (2388,3248) (2389,2911) (2392,3225) (2394,2748) (2395,2995) (2396,2840) (2397,2410) (2398,2873) (2399,3240) (2400,3187)
Worker ID 31 processing packet:
  Task ID: 79
  Vertices: 2341 2342 2343 2344 2345 2346 2347 2348 2349 2350 2351 2352 2353 2354 2355 2356 2357 2358 2359 2360 2361 2362 2363 2364 2365 2366 2367 2368 2369 2370
  Edges: (2343,2900) (2344,2958) (2345,2991) (2346,2404) (2349,2932) (2350,3144) (2352,3030) (2353,2923) (2355,3253) (2356,3138) (2357,3041) (2358,2757) (2359,2852) (2360,2878)
Worker ID 32 processing packet:
  Task ID: 78
  Vertices: 2311 2312 2313 2314 2315 2316 2317 2318 2319 2320 2321 2322 2323 2324 2325 2326 2327 2328 2329 2330 2331 2332 2333 2334 2335 2336 2337 2338 2339 2340
  Edges: (2312,3123) (2313,2866) (2315,3057) (2316,2999) (2317,2987) (2318,3191) (2319,2887) (2320,2975) (2325,2928) (2326,2449) (2328,2406) (2329,3020) (2333,3252) (2334,3073) (2335,3188)
Worker ID 33 processing packet:
  Task ID: 77
  Vertices: 2281 2282 2283 2284 2285 2286 2287 2288 2289 2290 2291 2292 2293 2294 2295 2296 2297 2298 2299 2300 2301 2302 2303 2304 2305 2306 2307 2308 2309 2310
  Edges:
Worker ID 34 processing packet:
  Task ID: 76
  Vertices: 2251 2252 2253 2254 2255 2256 2257 2258 2259 2260 2261 2262 2263 2264 2265 2266 2267 2268 2269 2270 2271 2272 2273 2274 2275 2276 2277 2278 2279 2280
  Edges:
Worker ID 35 processing packet:
  Task ID: 75
  Vertices: 2221 2222 2223 2224 2225 2226 2227 2228 2229 2230 2231 2232 2233 2234 2235 2236 2237 2238 2239 2240 2241 2242 2243 2244 2245 2246 2247 2248 2249 2250
  Edges: (2248,2249) (2250,2290)
Worker ID 36 processing packet:
  Task ID: 74
  Vertices: 2191 2192 2193 2194 2195 2196 2197 2198 2199 2200 2201 2202 2203 2204 2205 2206 2207 2208 2209 2210 2211 2212 2213 2214 2215 2216 2217 2218 2219 2220
  Edges: (2194,2278)
Worker ID 37 processing packet:
  Task ID: 73
  Vertices: 2161 2162 2163 2164 2165 2166 2167 2168 2169 2170 2171 2172 2173 2174 2175 2176 2177 2178 2179 2180 2181 2182 2183 2184 2185 2186 2187 2188 2189 2190
  Edges: (2167,2294)
Worker ID 38 processing packet:
  Task ID: 72
  Vertices: 2131 2132 2133 2134 2135 2136 2137 2138 2139 2140 2141 2142 2143 2144 2145 2146 2147 2148 2149 2150 2151 2152 2153 2154 2155 2156 2157 2158 2159 2160
  Edges: (2133,2627) (2137,2723) (2142,2620) (2143,2525)
Worker ID 39 processing packet:
  Task ID: 71
  Vertices: 2101 2102 2103 2104 2105 2106 2107 2108 2109 2110 2111 2112 2113 2114 2115 2116 2117 2118 2119 2120 2121 2122 2123 2124 2125 2126 2127 2128 2129 2130
  Edges: (2102,2496) (2113,2495) (2123,2573) (2125,2513) (2130,2381)
Worker ID 40 processing packet:
  Task ID: 70
  Vertices: 2071 2072 2073 2074 2075 2076 2077 2078 2079 2080 2081 2082 2083 2084 2085 2086 2087 2088 2089 2090 2091 2092 2093 2094 2095 2096 2097 2098 2099 2100
  Edges: (2071,2652) (2073,2109) (2075,2558) (2076,2387) (2086,2604) (2099,2572)
Worker ID 41 processing packet:
  Task ID: 69
  Vertices: 2041 2042 2043 2044 2045 2046 2047 2048 2049 2050 2051 2052 2053 2054 2055 2056 2057 2058 2059 2060 2061 2062 2063 2064 2065 2066 2067 2068 2069 2070
  Edges: (2042,2044) (2043,2214) (2048,2487) (2055,2128) (2057,2060)
Worker ID 42 processing packet:
  Task ID: 68
  Vertices: 2011 2012 2013 2014 2015 2016 2017 2018 2019 2020 2021 2022 2023 2024 2025 2026 2027 2028 2029 2030 2031 2032 2033 2034 2035 2036 2037 2038 2039 2040
  Edges: (2018,2160) (2025,2027) (2036,2201) (2037,2276) (2038,2039)
Worker ID 43 processing packet:
  Task ID: 67
  Vertices: 1981 1982 1983 1984 1985 1986 1987 1988 1989 1990 1991 1992 1993 1994 1995 1996 1997 1998 1999 2000 2001 2002 2003 2004 2005 2006 2007 2008 2009 2010
  Edges: (2004,2257)
Worker ID 44 processing packet:
  Task ID: 66
  Vertices: 1951 1952 1953 1954 1955 1956 1957 1958 1959 1960 1961 1962 1963 1964 1965 1966 1967 1968 1969 1970 1971 1972 1973 1974 1975 1976 1977 1978 1979 1980
  Edges: (1951,2638) (1974,2090) (1980,2602)
Worker ID 45 processing packet:
  Task ID: 65
  Vertices: 1921 1922 1923 1924 1925 1926 1927 1928 1929 1930 1931 1932 1933 1934 1935 1936 1937 1938 1939 1940 1941 1942 1943 1944 1945 1946 1947 1948 1949 1950
  Edges: (1922,2857) (1923,3012) (1923,3153) (1924,2765) (1924,3130) (1927,3158) (1928,2980) (1929,3154) (1931,1933) (1935,3159) (1936,2456) (1942,2347) (1943,2311) (1943,3229) (1947,2230)
Worker ID 46 processing packet:
  Task ID: 64
  Vertices: 1891 1892 1893 1894 1895 1896 1897 1898 1899 1900 1901 1902 1903 1904 1905 1906 1907 1908 1909 1910 1911 1912 1913 1914 1915 1916 1917 1918 1919 1920
  Edges: (1891,2760) (1891,2844) (1893,2920) (1894,1917) (1895,2430) (1895,2842) (1897,1919) (1899,2885) (1899,2981) (1900,3259) (1902,2976) (1902,3196) (1906,3218) (1906,3264) (1907,3231) (1909,3216) (1910,1911) (1912,1913) (1914,3222) (1917,1921) (1918,2998) (1920,1931) (1920,1933)
Worker ID 47 processing packet:
  Task ID: 63
  Vertices: 1861 1862 1863 1864 1865 1866 1867 1868 1869 1870 1871 1872 1873 1874 1875 1876 1877 1878 1879 1880 1881 1882 1883 1884 1885 1886 1887 1888 1889 1890
  Edges: (1861,1862) (1862,2874) (1863,3025) (1865,1866) (1866,3177) (1867,3131) (1868,2390) (1869,2788) (1869,2883) (1870,3072) (1872,1883) (1873,2354) (1874,2331) (1875,1876) (1875,1877) (1876,1877) (1878,3210) (1879,2750) (1879,2762) (1880,2393) (1880,2758) (1881,1882) (1885,2332) (1886,3011) (1887,1912) (1888,3022) (1889,2839) (1889,3261)
Worker ID 48 processing packet:
  Task ID: 62
  Vertices: 1831 1832 1833 1834 1835 1836 1837 1838 1839 1840 1841 1842 1843 1844 1845 1846 1847 1848 1849 1850 1851 1852 1853 1854 1855 1856 1857 1858 1859 1860
  Edges: (1831,2635) (1833,2118) (1835,2136) (1835,2672) (1838,2571) (1844,2718) (1848,2132) (1849,1850) (1849,2961) (1850,2879) (1851,2968) (1852,2787) (1852,2837) (1853,2459) (1853,3008) (1854,3064) (1855,1859) (1857,1934) (1858,2832) (1858,2917) (1859,2951) (1860,2929) (1860,3037)
Worker ID 49 processing packet:
  Task ID: 61
  Vertices: 1801 1802 1803 1804 1805 1806 1807 1808 1809 1810 1811 1812 1813 1814 1815 1816 1817 1818 1819 1820 1821 1822 1823 1824 1825 1826 1827 1828 1829 1830
  Edges: (1802,2683) (1806,1809) (1812,2534) (1812,2689) (1814,2066) (1815,2547) (1815,2688) (1819,1820) (1821,2553) (1822,2521) (1823,2104) (1825,2621) (1828,2081) (1829,2412) (1830,2149)
Worker ID 50 processing packet:
  Task ID: 60
  Vertices: 1771 1772 1773 1774 1775 1776 1777 1778 1779 1780 1781 1782 1783 1784 1785 1786 1787 1788 1789 1790 1791 1792 1793 1794 1795 1796 1797 1798 1799 1800
  Edges: (1773,1985) (1774,1810) (1777,2119) (1781,2087) (1781,2371) (1782,2659) (1785,1993) (1786,2374) (1787,2083) (1789,1790) (1798,2691) (1799,1973) (1799,2062) (1800,2103)
Worker ID 51 processing packet:
  Task ID: 59
  Vertices: 1741 1742 1743 1744 1745 1746 1747 1748 1749 1750 1751 1752 1753 1754 1755 1756 1757 1758 1759 1760 1761 1762 1763 1764 1765 1766 1767 1768 1769 1770
  Edges: (1744,1748) (1745,2658) (1747,1792) (1747,1793) (1749,1805) (1750,1751) (1753,1784) (1754,1772) (1755,1978) (1757,1798) (1758,1885) (1759,2385) (1764,1810) (1767,2524) (1767,2624) (1769,2557)
Worker ID 52 processing packet:
  Task ID: 58
  Vertices: 1711 1712 1713 1714 1715 1716 1717 1718 1719 1720 1721 1722 1723 1724 1725 1726 1727 1728 1729 1730 1731 1732 1733 1734 1735 1736 1737 1738 1739 1740
  Edges: (1711,2514) (1712,2473) (1712,2639) (1715,1847) (1716,1813) (1718,1761) (1719,2067) (1722,1953) (1722,2674) (1724,1769) (1724,2577) (1725,2114) (1725,2124) (1727,2127) (1729,2530) (1730,2668) (1731,2695) (1732,1843) (1733,1804) (1735,1764) (1735,1774) (1736,1796) (1739,1803) (1740,1829)
Worker ID 53 processing packet:
  Task ID: 57
  Vertices: 1681 1682 1683 1684 1685 1686 1687 1688 1689 1690 1691 1692 1693 1694 1695 1696 1697 1698 1699 1700 1701 1702 1703 1704 1705 1706 1707 1708 1709 1710
  Edges: (1686,2565) (1689,1778) (1691,2097) (1692,2618) (1692,2619) (1696,1986) (1696,2583) (1698,1882) (1699,1836) (1701,1702) (1704,1888) (1705,1833)
Worker ID 54 processing packet:
  Task ID: 56
  Vertices: 1651 1652 1653 1654 1655 1656 1657 1658 1659 1660 1661 1662 1663 1664 1665 1666 1667 1668 1669 1670 1671 1672 1673 1674 1675 1676 1677 1678 1679 1680
  Edges: (1654,1847) (1657,1737) (1658,2411) (1661,2580) (1661,2586) (1663,2121) (1663,2150) (1667,1818) (1670,1893) (1674,1818) (1676,1688) (1676,1758) (1678,2682) (1679,2138)
Worker ID 55 processing packet:
  Task ID: 55
  Vertices: 1621 1622 1623 1624 1625 1626 1627 1628 1629 1630 1631 1632 1633 1634 1635 1636 1637 1638 1639 1640 1641 1642 1643 1644 1645 1646 1647 1648 1649 1650
  Edges: (1621,1622) (1621,2351) (1623,3074) (1625,3126) (1627,1631) (1627,2811) (1632,2972) (1633,2831) (1634,1900) (1634,3230) (1635,1940) (1640,2944) (1643,1816) (1646,1840) (1647,1779) (1648,1651) (1648,2609)
Worker ID 56 processing packet:
  Task ID: 54
  Vertices: 1591 1592 1593 1594 1595 1596 1597 1598 1599 1600 1601 1602 1603 1604 1605 1606 1607 1608 1609 1610 1611 1612 1613 1614 1615 1616 1617 1618 1619 1620
  Edges: (1591,1916) (1592,2462) (1593,1897) (1595,2875) (1596,1801) (1596,2845) (1597,2954) (1597,3119) (1599,2869) (1599,3059) (1602,2988) (1603,3102) (1607,1926) (1607,3166) (1612,2977) (1613,1941) (1614,1864) (1616,2808) (1618,3147) (1619,3202) (1620,3078)
Worker ID 57 processing packet:
  Task ID: 53
  Vertices: 1561 1562 1563 1564 1565 1566 1567 1568 1569 1570 1571 1572 1573 1574 1575 1576 1577 1578 1579 1580 1581 1582 1583 1584 1585 1586 1587 1588 1589 1590
  Edges: (1562,1629) (1562,2790) (1563,3204) (1564,2321) (1564,3044) (1566,2797) (1566,2939) (1567,3145) (1568,1894) (1568,1921) (1570,1571) (1570,1572) (1571,1572) (1573,1574) (1577,1641) (1578,2890) (1579,2422) (1581,3101) (1582,1587) (1583,3089) (1583,3156) (1585,3128) (1586,2778) (1586,2780) (1588,1589) (1590,2784)
Worker ID 58 processing packet:
  Task ID: 52
  Vertices: 1531 1532 1533 1534 1535 1536 1537 1538 1539 1540 1541 1542 1543 1544 1545 1546 1547 1548 1549 1550 1551 1552 1553 1554 1555 1556 1557 1558 1559 1560
  Edges: (1531,3106) (1535,2827) (1536,1878) (1537,1592) (1538,3013) (1538,3176) (1539,1611) (1539,3083) (1540,1624) (1542,1594) (1542,2982) (1544,2793) (1545,1932) (1546,2424) (1546,2799) (1547,2330) (1547,2801) (1549,2461) (1550,2452) (1551,3134) (1553,3071) (1553,3079) (1554,1555) (1554,1609) (1555,1609) (1558,2930) (1558,3085) (1560,3049)
Worker ID 59 processing packet:
  Task ID: 51
  Vertices: 1501 1502 1503 1504 1505 1506 1507 1508 1509 1510 1511 1512 1513 1514 1515 1516 1517 1518 1519 1520 1521 1522 1523 1524 1525 1526 1527 1528 1529 1530
  Edges: (1501,1842) (1502,2077) (1506,1706) (1507,2665) (1513,1872) (1513,1883) (1515,1681) (1516,1563) (1516,2807) (1517,3224) (1518,1856) (1519,1559) (1522,1937) (1523,1530) (1524,2348) (1524,2447) (1526,1579) (1526,3247) (1527,1908) (1529,1903) (1530,2841)
Worker ID 60 processing packet:
  Task ID: 50
  Vertices: 1471 1472 1473 1474 1475 1476 1477 1478 1479 1480 1481 1482 1483 1484 1485 1486 1487 1488 1489 1490 1491 1492 1493 1494 1495 1496 1497 1498 1499 1500
  Edges: (1471,1918) (1471,2948) (1472,1483) (1472,3121) (1475,2834) (1476,2427) (1477,3150) (1478,1890) (1479,2753) (1479,3155) (1480,1578) (1485,1750) (1487,2322) (1487,3040) (1488,1626) (1488,1939) (1490,1548) (1490,1617) (1492,2441) (1492,2996) (1493,2361) (1493,2817) (1495,2902) (1497,1652) (1497,2391) (1498,1543) (1499,2870) (1499,2876) (1500,3015) (1500,3120)
Worker ID 61 processing packet:
  Task ID: 49
  Vertices: 1441 1442 1443 1444 1445 1446 1447 1448 1449 1450 1451 1452 1453 1454 1455 1456 1457 1458 1459 1460 1461 1462 1463 1464 1465 1466 1467 1468 1469 1470
  Edges: (1441,1666) (1442,1955) (1442,2563) (1444,1445) (1444,2497) (1445,2642) (1448,2501) (1449,2480) (1449,2655) (1451,2722) (1452,1453) (1452,2632) (1453,2481) (1454,1994) (1456,2341) (1457,1458) (1457,1720) (1459,1501) (1460,2375) (1462,3010) (1462,3061) (1463,2415) (1464,3223) (1465,3001) (1465,3098) (1467,1468)
Worker ID 62 processing packet:
  Task ID: 48
  Vertices: 1411 1412 1413 1414 1415 1416 1417 1418 1419 1420 1421 1422 1423 1424 1425 1426 1427 1428 1429 1430 1431 1432 1433 1434 1435 1436 1437 1438 1439 1440
  Edges: (1414,2281) (1416,2207) (1423,2254) (1439,1807) (1440,2485) (1440,2508)
Worker ID 63 processing packet:
  Task ID: 47
  Vertices: 1381 1382 1383 1384 1385 1386 1387 1388 1389 1390 1391 1392 1393 1394 1395 1396 1397 1398 1399 1400 1401 1402 1403 1404 1405 1406 1407 1408 1409 1410
  Edges: (1385,1560) (1386,2195) (1392,2162) (1394,1396) (1396,2033) (1397,1464) (1404,2000)
Worker ID 64 processing packet:
  Task ID: 46
  Vertices: 1351 1352 1353 1354 1355 1356 1357 1358 1359 1360 1361 1362 1363 1364 1365 1366 1367 1368 1369 1370 1371 1372 1373 1374 1375 1376 1377 1378 1379 1380
  Edges: (1354,1896) (1357,1948) (1357,1960) (1361,1399) (1375,1388) (1378,2302)
Worker ID 65 processing packet:
  Task ID: 45
  Vertices: 1321 1322 1323 1324 1325 1326 1327 1328 1329 1330 1331 1332 1333 1334 1335 1336 1337 1338 1339 1340 1341 1342 1343 1344 1345 1346 1347 1348 1349 1350
  Edges: (1326,1343) (1330,1637) (1332,1728) (1332,1839) (1333,2096) (1336,1728) (1336,1839) (1337,1806) (1337,1809) (1338,1368) (1342,1418) (1345,2210) (1346,1425)
Worker ID 66 processing packet:
  Task ID: 44
  Vertices: 1291 1292 1293 1294 1295 1296 1297 1298 1299 1300 1301 1302 1303 1304 1305 1306 1307 1308 1309 1310 1311 1312 1313 1314 1315 1316 1317 1318 1319 1320
  Edges: (1291,1293) (1293,1989) (1294,1713) (1294,2741) (1296,2561) (1297,1828) (1297,2112) (1298,1456) (1301,2622) (1311,2153) (1314,1379) (1314,1421) (1318,1319) (1318,1320)
Worker ID 67 processing packet:
  Task ID: 43
  Vertices: 1261 1262 1263 1264 1265 1266 1267 1268 1269 1270 1271 1272 1273 1274 1275 1276 1277 1278 1279 1280 1281 1282 1283 1284 1285 1286 1287 1288 1289 1290
  Edges: (1263,1794) (1264,2140) (1266,2117) (1266,2484) (1268,1454) (1270,1771) (1270,1773) (1271,1838) (1271,2512) (1272,2106) (1273,1633) (1276,1759) (1277,1331) (1278,1710) (1280,2566) (1284,1751) (1289,1514)
Worker ID 68 processing packet:
  Task ID: 42
  Vertices: 1231 1232 1233 1234 1235 1236 1237 1238 1239 1240 1241 1242 1243 1244 1245 1246 1247 1248 1249 1250 1251 1252 1253 1254 1255 1256 1257 1258 1259 1260
  Edges: (1237,1354) (1239,1321) (1243,1364) (1243,2237) (1245,1327) (1253,2337) (1255,1620) (1256,1260) (1258,1664) (1259,1508)
Worker ID 69 processing packet:
  Task ID: 41
  Vertices: 1201 1202 1203 1204 1205 1206 1207 1208 1209 1210 1211 1212 1213 1214 1215 1216 1217 1218 1219 1220 1221 1222 1223 1224 1225 1226 1227 1228 1229 1230
  Edges: (1202,1310) (1207,1868) (1207,1959) (1208,1391) (1210,2203) (1212,1315) (1214,2010) (1215,2273) (1218,1734) (1221,1362) (1223,1544) (1224,1431) (1226,1402) (1227,1595) (1227,2221) (1229,2275) (1230,1581)
Worker ID 70 processing packet:
  Task ID: 40
  Vertices: 1171 1172 1173 1174 1175 1176 1177 1178 1179 1180 1181 1182 1183 1184 1185 1186 1187 1188 1189 1190 1191 1192 1193 1194 1195 1196 1197 1198 1199 1200
  Edges: (1171,1323) (1172,2181) (1177,1211) (1179,2306) (1182,1961) (1183,2271) (1185,2303) (1191,1224) (1192,2046) (1193,1222) (1194,2006) (1195,1996)
Worker ID 71 processing packet:
  Task ID: 39
  Vertices: 1141 1142 1143 1144 1145 1146 1147 1148 1149 1150 1151 1152 1153 1154 1155 1156 1157 1158 1159 1160 1161 1162 1163 1164 1165 1166 1167 1168 1169 1170
  Edges: (1141,1904) (1142,1482) (1143,1427) (1145,2895) (1145,2896) (1146,2847) (1146,3125) (1147,1565) (1147,1636) (1147,2464) (1149,1366) (1150,1415) (1151,2016) (1152,1165) (1152,1360) (1153,1424) (1154,1861) (1154,2185) (1157,1327) (1157,1328) (1158,1225) (1160,1240) (1162,1427) (1163,1322) (1163,2157) (1167,1244)
Worker ID 72 processing packet:
  Task ID: 38
  Vertices: 1111 1112 1113 1114 1115 1116 1117 1118 1119 1120 1121 1122 1123 1124 1125 1126 1127 1128 1129 1130 1131 1132 1133 1134 1135 1136 1137 1138 1139 1140
  Edges: (1111,1113) (1111,1898) (1111,1905) (1112,1498) (1112,1543) (1112,3263) (1113,1898) (1113,1905) (1114,1910) (1114,1911) (1114,3208) (1115,2974) (1115,2983) (1115,3220) (1116,1842) (1116,1884) (1117,1130) (1118,2763) (1118,3069) (1118,3209) (1119,1133) (1119,1580) (1120,1896) (1120,2809) (1120,2997) (1121,1535) (1121,1551) (1122,1561) (1123,1626) (1123,3127) (1124,1125) (1124,2791) (1126,1892) (1127,1128) (1127,1129) (1128,1129) (1132,1628) (1132,2964) (1135,1576) (1135,1616) (1136,1521) (1136,1832) (1137,1637) (1138,1172) (1138,1925)
Worker ID 73 processing packet:
  Task ID: 37
  Vertices: 1081 1082 1083 1084 1085 1086 1087 1088 1089 1090 1091 1092 1093 1094 1095 1096 1097 1098 1099 1100 1101 1102 1103 1104 1105 1106 1107 1108 1109 1110
  Edges: (1081,1110) (1082,1119) (1082,1133) (1083,2880) (1083,2894) (1084,1531) (1084,1548) (1084,1617) (1086,2889) (1087,2777) (1087,3170) (1088,2815) (1088,2892) (1088,3257) (1089,2724) (1089,2872) (1089,2992) (1090,1600) (1091,1534) (1091,1873) (1092,1131) (1093,1748) (1094,1611) (1095,1096) (1095,3146) (1096,1871) (1096,2327) (1097,1466) (1097,1662) (1098,1132) (1099,1552) (1100,1938) (1101,1608) (1102,1104) (1103,1345) (1103,1537) (1105,1614) (1105,1864) (1105,3178) (1107,1527) (1107,1908) (1107,2947) (1108,2451) (1109,3256)
slurmstepd-cs-cloud-01: error: *** JOB 164693 ON cs-cloud-01 CANCELLED AT 2023-12-06T17:47:59 DUE TO TIME LIMIT ***
